#
# A fatal error has been detected by the Java Runtime Environment:
#
#  EXCEPTION_ACCESS_VIOLATION (0xc0000005) at pc=0x00007ff98d21505d, pid=7284, tid=11840
#
# JRE version: OpenJDK Runtime Environment (11.0.11+9) (build 11.0.11+9-b60-7590822)
# Java VM: OpenJDK 64-Bit Server VM (11.0.11+9-b60-7590822, mixed mode, tiered, compressed oops, g1 gc, windows-amd64)
# Problematic frame:
# V  [jvm.dll+0x2d505d]
#
# No core dump will be written. Minidumps are not enabled by default on client versions of Windows
#
# If you would like to submit a bug report, please visit:
#   https://bugreport.java.com/bugreport/crash.jsp
#

---------------  S U M M A R Y ------------

Command Line: --add-opens=java.base/java.util=ALL-UNNAMED --add-opens=java.base/java.lang=ALL-UNNAMED --add-opens=java.base/java.lang.invoke=ALL-UNNAMED --add-opens=java.base/java.util=ALL-UNNAMED --add-opens=java.prefs/java.util.prefs=ALL-UNNAMED --add-opens=java.prefs/java.util.prefs=ALL-UNNAMED --add-opens=java.base/java.nio.charset=ALL-UNNAMED --add-opens=java.base/java.net=ALL-UNNAMED --add-opens=java.base/java.util.concurrent.atomic=ALL-UNNAMED -Xmx2048m -Dfile.encoding=UTF-8 -Duser.country=US -Duser.language=en -Duser.variant org.gradle.launcher.daemon.bootstrap.GradleDaemon 7.0.2

Host: Intel(R) Core(TM) i7-4790 CPU @ 3.60GHz, 8 cores, 15G,  Windows 10 , 64 bit Build 19041 (10.0.19041.1466)
Time: Sun Feb  6 21:12:50 2022 Mountain Standard Time elapsed time: 4050.814623 seconds (0d 1h 7m 30s)

---------------  T H R E A D  ---------------

Current thread (0x000001e5878c6800):  GCTaskThread "GC Thread#1" [stack: 0x0000005450600000,0x0000005450700000] [id=11840]

Stack: [0x0000005450600000,0x0000005450700000],  sp=0x00000054506ff740,  free space=1021k
Native frames: (J=compiled Java code, j=interpreted, Vv=VM code, C=native code)
V  [jvm.dll+0x2d505d]
V  [jvm.dll+0x2ff72d]
V  [jvm.dll+0x300738]
V  [jvm.dll+0x2d20d2]
V  [jvm.dll+0x2fe91b]
V  [jvm.dll+0x300c8a]
V  [jvm.dll+0x2ddb95]
V  [jvm.dll+0x2de29b]
V  [jvm.dll+0x74d230]
V  [jvm.dll+0x6e80b5]
V  [jvm.dll+0x5f1036]
C  [ucrtbase.dll+0x21bb2]
C  [KERNEL32.DLL+0x17034]
C  [ntdll.dll+0x52651]


siginfo: EXCEPTION_ACCESS_VIOLATION (0xc0000005), reading address 0x00000000000000f8


Register to memory mapping:

RIP=0x00007ff98d21505d jvm.dll
RAX=0x000001e5ebb39b00 points into unknown readable memory: 0x0000000000000000 | 00 00 00 00 00 00 00 00
RBX=0x000001e58803ad00 points into unknown readable memory: 0x00007ff98d7671a8 | a8 71 76 8d f9 7f 00 00
RCX=0x0 is NULL
RDX=0x000001e5ebbc4af0 points into unknown readable memory: 0x00007ff98d76ec20 | 20 ec 76 8d f9 7f 00 00
RSP=0x00000054506ff740 points into unknown readable memory: 0x000001e5ebb2b490 | 90 b4 b2 eb e5 01 00 00
RBP=0x0000000000000009 is an unknown value
RSI=0x000001e58803ae70 points into unknown readable memory: 0x00007ff98d767160 | 60 71 76 8d f9 7f 00 00
RDI=0x0000000085410790 is an oop: org.gradle.api.internal.artifacts.transform.TransformationSubject$InitialArtifactTransformationSubject 
{0x0000000085410790} - klass: 'org/gradle/api/internal/artifacts/transform/TransformationSubject$InitialArtifactTransformationSubject'
R8 =0x0000000085410788 is pointing into object: [Ljava.lang.Object; 
{0x0000000085410758} - klass: 'java/lang/Object'[]
 - length: 10
R9 =0x0 is NULL
R10=0x0000000085410788 is pointing into object: [Ljava.lang.Object; 
{0x0000000085410758} - klass: 'java/lang/Object'[]
 - length: 10
R11=0x000001e58803ae70 points into unknown readable memory: 0x00007ff98d767160 | 60 71 76 8d f9 7f 00 00
R12=0x0000000000000007 is an unknown value
R13=0x0 is NULL
R14=0x0000000000000001 is an unknown value
R15=0x000000008b010618 is an oop: [Ljava.lang.Object; 
{0x000000008b010618} - klass: 'java/lang/Object'[]
 - length: 10


Registers:
RAX=0x000001e5ebb39b00, RBX=0x000001e58803ad00, RCX=0x0000000000000000, RDX=0x000001e5ebbc4af0
RSP=0x00000054506ff740, RBP=0x0000000000000009, RSI=0x000001e58803ae70, RDI=0x0000000085410790
R8 =0x0000000085410788, R9 =0x0000000000000000, R10=0x0000000085410788, R11=0x000001e58803ae70
R12=0x0000000000000007, R13=0x0000000000000000, R14=0x0000000000000001, R15=0x000000008b010618
RIP=0x00007ff98d21505d, EFLAGS=0x0000000000010246

Top of Stack: (sp=0x00000054506ff740)
0x00000054506ff740:   000001e5ebb2b490 0000000085410769
0x00000054506ff750:   000001e5ebb2b490 00007ff98d23f49f
0x00000054506ff760:   0000000085410788 00007ff98d23f72d
0x00000054506ff770:   0000000085410768 0000000000000001
0x00000054506ff780:   000000008b010600 0000000000000001
0x00000054506ff790:   0000000085410758 00007ff98d240738
0x00000054506ff7a0:   0000000000000002 000001e58803ad00
0x00000054506ff7b0:   000001e58803ad00 000000000000000d
0x00000054506ff7c0:   000001e5ebb2b490 00007ff98d21124e
0x00000054506ff7d0:   000000078803ae70 0000000000000009
0x00000054506ff7e0:   0000000000000000 000001e58803ad00
0x00000054506ff7f0:   0000000000000000 000001e5ebb2b510
0x00000054506ff800:   0000000000000000 000001e58803ad00
0x00000054506ff810:   000000544f9ff0e0 00007ff98d2120d2
0x00000054506ff820:   000001e58803ad00 00007ff98d23f401
0x00000054506ff830:   000000000000006d 0000000085410754 

Instructions: (pc=0x00007ff98d21505d)
0x00007ff98d214f5d:   74 24 38 48 83 c4 20 5f c3 cc cc cc cc cc cc cc
0x00007ff98d214f6d:   cc cc cc 48 89 5c 24 08 57 48 83 ec 20 48 8b 41
0x00007ff98d214f7d:   18 48 8b da 48 83 cb 01 48 8b d3 48 8b 78 10 48
0x00007ff98d214f8d:   8b cf e8 5c 7b 00 00 84 c0 75 29 48 81 c7 90 00
0x00007ff98d214f9d:   00 00 48 8b 47 08 48 39 47 20 75 08 48 8b cf e8
0x00007ff98d214fad:   9f f3 f5 ff 48 8b 4f 20 48 8b 47 38 48 89 1c c8
0x00007ff98d214fbd:   48 ff 47 20 48 8b 5c 24 30 48 83 c4 20 5f c3 cc
0x00007ff98d214fcd:   cc cc cc 48 89 5c 24 08 57 48 83 ec 20 48 8b 79
0x00007ff98d214fdd:   10 48 8b da 48 83 cb 01 48 8b cf 48 8b d3 e8 00
0x00007ff98d214fed:   7b 00 00 84 c0 75 29 48 81 c7 90 00 00 00 48 8b
0x00007ff98d214ffd:   47 08 48 39 47 20 75 08 48 8b cf e8 43 f3 f5 ff
0x00007ff98d21500d:   48 8b 4f 20 48 8b 47 38 48 89 1c c8 48 ff 47 20
0x00007ff98d21501d:   48 8b 5c 24 30 48 83 c4 20 5f c3 cc cc cc cc cc
0x00007ff98d21502d:   cc cc cc 40 53 48 83 ec 20 8b 82 04 01 00 00 48
0x00007ff98d21503d:   8b d9 d1 e8 a8 01 75 6b 48 8b 41 08 8b 88 c0 02
0x00007ff98d21504d:   00 00 48 8b 80 b0 02 00 00 49 d3 e9 4a 8b 0c c8
0x00007ff98d21505d:   48 8b 81 f8 00 00 00 83 b8 18 01 00 00 00 74 43
0x00007ff98d21506d:   48 8b 4b 50 48 89 7c 24 30 49 c1 e8 09 48 8b 79
0x00007ff98d21507d:   48 48 2b 79 40 49 03 f8 48 8b d7 e8 93 c1 ff ff
0x00007ff98d21508d:   84 c0 74 1a 80 7b 28 00 48 8d 4b 18 74 10 48 8b
0x00007ff98d21509d:   43 50 48 8b 50 40 48 03 d7 e8 95 67 36 00 48 8b
0x00007ff98d2150ad:   7c 24 30 48 83 c4 20 5b c3 cc cc cc cc cc cc cc
0x00007ff98d2150bd:   cc cc cc 48 89 5c 24 08 48 89 74 24 10 57 48 83
0x00007ff98d2150cd:   ec 20 48 63 fa 48 8d 05 b7 c3 54 00 45 33 c0 48
0x00007ff98d2150dd:   89 01 48 8b f1 89 79 08 48 8b df 48 8d 0c fd 00
0x00007ff98d2150ed:   00 00 00 41 8d 50 05 e8 77 e8 dd ff 45 33 db 48
0x00007ff98d2150fd:   89 46 10 4c 8d 4e 10 4c 8b d0 45 8b c3 85 ff 7e
0x00007ff98d21510d:   56 83 ff 02 72 51 8d 4f ff 48 63 d1 48 8d 04 d0
0x00007ff98d21511d:   4d 3b d1 77 05 49 3b c1 73 3d 8b c7 25 01 00 00
0x00007ff98d21512d:   80 7d 07 ff c8 83 c8 fe ff c0 2b f8 0f 1f 80 00
0x00007ff98d21513d:   00 00 00 41 83 c0 02 44 3b c7 7c f7 8d 47 01 49
0x00007ff98d21514d:   8b fa 99 2b c2 d1 f8 48 63 c8 48 c1 e1 04 48 c1 


Stack slot to memory mapping:
stack at sp + 0 slots: 0x000001e5ebb2b490 points into unknown readable memory: 0x0000000000000bfc | fc 0b 00 00 00 00 00 00
stack at sp + 1 slots: 0x0000000085410769 is pointing into object: [Ljava.lang.Object; 
{0x0000000085410758} - klass: 'java/lang/Object'[]
 - length: 10
stack at sp + 2 slots: 0x000001e5ebb2b490 points into unknown readable memory: 0x0000000000000bfc | fc 0b 00 00 00 00 00 00
stack at sp + 3 slots: 0x00007ff98d23f49f jvm.dll
stack at sp + 4 slots: 0x0000000085410788 is pointing into object: [Ljava.lang.Object; 
{0x0000000085410758} - klass: 'java/lang/Object'[]
 - length: 10
stack at sp + 5 slots: 0x00007ff98d23f72d jvm.dll
stack at sp + 6 slots: 0x0000000085410768 is pointing into object: [Ljava.lang.Object; 
{0x0000000085410758} - klass: 'java/lang/Object'[]
 - length: 10
stack at sp + 7 slots: 0x0000000000000001 is an unknown value


---------------  P R O C E S S  ---------------

Threads class SMR info:
_java_thread_list=0x000001e589f675b0, length=63, elements={
0x000001e5ebb0e800, 0x000001e58682b000, 0x000001e586830800, 0x000001e586893800,
0x000001e586895000, 0x000001e586897000, 0x000001e586899000, 0x000001e58689d800,
0x000001e5868a3000, 0x000001e586a17000, 0x000001e588a6b000, 0x000001e586b1e800,
0x000001e586da5000, 0x000001e5894f5000, 0x000001e5894f6000, 0x000001e5894f1800,
0x000001e5894f1000, 0x000001e5894f7800, 0x000001e5891b9000, 0x000001e5891c0800,
0x000001e5891c1800, 0x000001e5891bb800, 0x000001e5891c3000, 0x000001e586b36000,
0x000001e586b3a000, 0x000001e586b38800, 0x000001e586b3b800, 0x000001e586b39000,
0x000001e586b3c800, 0x000001e586b3b000, 0x000001e586b35000, 0x000001e586b43000,
0x000001e586b3d000, 0x000001e586b43800, 0x000001e586b3f000, 0x000001e586b3f800,
0x000001e586b40800, 0x000001e586b41800, 0x000001e586b42000, 0x000001e5891ba000,
0x000001e5891bf000, 0x000001e5891bc800, 0x000001e5891c6000, 0x000001e5891c4800,
0x000001e5891c7000, 0x000001e5891c8000, 0x000001e5891c4000, 0x000001e5891c5800,
0x000001e5894f2800, 0x000001e5894f6800, 0x000001e5891bd000, 0x000001e58ca5c000,
0x000001e58ca5b000, 0x000001e58ca5d000, 0x000001e58ca59800, 0x000001e58ca57000,
0x000001e58ca5a800, 0x000001e58ca5d800, 0x000001e58ca58800, 0x000001e58ca58000,
0x000001e5894f3800, 0x000001e592855000, 0x000001e592856000
}

Java Threads: ( => current thread )
  0x000001e5ebb0e800 JavaThread "main" [_thread_blocked, id=6412, stack(0x000000544f300000,0x000000544f400000)]
  0x000001e58682b000 JavaThread "Reference Handler" daemon [_thread_blocked, id=9484, stack(0x000000544fa00000,0x000000544fb00000)]
  0x000001e586830800 JavaThread "Finalizer" daemon [_thread_blocked, id=17260, stack(0x000000544fb00000,0x000000544fc00000)]
  0x000001e586893800 JavaThread "Signal Dispatcher" daemon [_thread_blocked, id=14116, stack(0x000000544fc00000,0x000000544fd00000)]
  0x000001e586895000 JavaThread "Attach Listener" daemon [_thread_blocked, id=15332, stack(0x000000544fd00000,0x000000544fe00000)]
  0x000001e586897000 JavaThread "Service Thread" daemon [_thread_blocked, id=15424, stack(0x000000544fe00000,0x000000544ff00000)]
  0x000001e586899000 JavaThread "C2 CompilerThread0" daemon [_thread_in_native, id=18112, stack(0x000000544ff00000,0x0000005450000000)]
  0x000001e58689d800 JavaThread "C1 CompilerThread0" daemon [_thread_blocked, id=10892, stack(0x0000005450000000,0x0000005450100000)]
  0x000001e5868a3000 JavaThread "Sweeper thread" daemon [_thread_blocked, id=17464, stack(0x0000005450100000,0x0000005450200000)]
  0x000001e586a17000 JavaThread "Common-Cleaner" daemon [_thread_blocked, id=8484, stack(0x0000005450200000,0x0000005450300000)]
  0x000001e588a6b000 JavaThread "Daemon health stats" [_thread_blocked, id=16628, stack(0x0000005450500000,0x0000005450600000)]
  0x000001e586b1e800 JavaThread "Incoming local TCP Connector on port 61298" [_thread_in_native, id=6236, stack(0x0000005450400000,0x0000005450500000)]
  0x000001e586da5000 JavaThread "Daemon periodic checks" [_thread_blocked, id=14180, stack(0x0000005450b00000,0x0000005450c00000)]
  0x000001e5894f5000 JavaThread "Cache worker for file hash cache (C:\Users\danga\.gradle\caches\7.0.2\fileHashes)" [_thread_blocked, id=15748, stack(0x0000005450e00000,0x0000005450f00000)]
  0x000001e5894f6000 JavaThread "File lock request listener" [_thread_in_native, id=9524, stack(0x0000005451400000,0x0000005451500000)]
  0x000001e5894f1800 JavaThread "Cache worker for journal cache (C:\Users\danga\.gradle\caches\journal-1)" [_thread_blocked, id=17664, stack(0x0000005451800000,0x0000005451900000)]
  0x000001e5894f1000 JavaThread "File watcher server" daemon [_thread_blocked, id=14820, stack(0x0000005451b00000,0x0000005451c00000)]
  0x000001e5894f7800 JavaThread "File watcher consumer" daemon [_thread_blocked, id=15856, stack(0x0000005451c00000,0x0000005451d00000)]
  0x000001e5891b9000 JavaThread "Cache worker for execution history cache (C:\Users\danga\.gradle\caches\7.0.2\executionHistory)" [_thread_blocked, id=12448, stack(0x0000005451e00000,0x0000005451f00000)]
  0x000001e5891c0800 JavaThread "jar transforms" [_thread_blocked, id=9360, stack(0x0000005452200000,0x0000005452300000)]
  0x000001e5891c1800 JavaThread "jar transforms Thread 2" [_thread_blocked, id=3240, stack(0x0000005452100000,0x0000005452200000)]
  0x000001e5891bb800 JavaThread "Cache worker for file content cache (C:\Users\danga\.gradle\caches\7.0.2\fileContent)" [_thread_blocked, id=18088, stack(0x0000005452300000,0x0000005452400000)]
  0x000001e5891c3000 JavaThread "jar transforms Thread 3" [_thread_blocked, id=15256, stack(0x0000005452000000,0x0000005452100000)]
  0x000001e586b36000 JavaThread "jar transforms Thread 4" [_thread_blocked, id=11632, stack(0x0000005452e00000,0x0000005452f00000)]
  0x000001e586b3a000 JavaThread "jar transforms Thread 5" [_thread_blocked, id=9252, stack(0x0000005452f00000,0x0000005453000000)]
  0x000001e586b38800 JavaThread "jar transforms Thread 6" [_thread_blocked, id=6760, stack(0x0000005453000000,0x0000005453100000)]
  0x000001e586b3b800 JavaThread "jar transforms Thread 7" [_thread_blocked, id=17544, stack(0x0000005453100000,0x0000005453200000)]
  0x000001e586b39000 JavaThread "jar transforms Thread 8" [_thread_blocked, id=3136, stack(0x0000005453200000,0x0000005453300000)]
  0x000001e586b3c800 JavaThread "Memory manager" [_thread_blocked, id=8524, stack(0x000000544f100000,0x000000544f200000)]
  0x000001e586b3b000 JavaThread "Daemon Thread 3" [_thread_blocked, id=3872, stack(0x000000544f000000,0x000000544f100000)]
  0x000001e586b35000 JavaThread "Handler for socket connection from /127.0.0.1:61298 to /127.0.0.1:54158" [_thread_in_native, id=18156, stack(0x000000544f200000,0x000000544f300000)]
  0x000001e586b43000 JavaThread "Cancel handler" [_thread_blocked, id=13984, stack(0x0000005450c00000,0x0000005450d00000)]
  0x000001e586b3d000 JavaThread "Daemon worker Thread 3" [_thread_blocked, id=4744, stack(0x0000005450d00000,0x0000005450e00000)]
  0x000001e586b43800 JavaThread "Asynchronous log dispatcher for DefaultDaemonConnection: socket connection from /127.0.0.1:61298 to /127.0.0.1:54158" [_thread_blocked, id=10912, stack(0x0000005450f00000,0x0000005451000000)]
  0x000001e586b3f000 JavaThread "Stdin handler" [_thread_blocked, id=16228, stack(0x0000005451000000,0x0000005451100000)]
  0x000001e586b3f800 JavaThread "Daemon client event forwarder" [_thread_blocked, id=3344, stack(0x0000005451100000,0x0000005451200000)]
  0x000001e586b40800 JavaThread "Cache worker for file hash cache (C:\Users\danga\Desktop\CS 4530\Project code\4350_Project_1\.gradle\7.0.2\fileHashes)" [_thread_blocked, id=4548, stack(0x0000005451200000,0x0000005451300000)]
  0x000001e586b41800 JavaThread "Cache worker for checksums cache (C:\Users\danga\Desktop\CS 4530\Project code\4350_Project_1\.gradle\checksums)" [_thread_blocked, id=18552, stack(0x0000005451300000,0x0000005451400000)]
  0x000001e586b42000 JavaThread "Cache worker for cache directory md-supplier (C:\Users\danga\.gradle\caches\7.0.2\md-supplier)" [_thread_blocked, id=16572, stack(0x0000005451900000,0x0000005451a00000)]
  0x000001e5891ba000 JavaThread "Cache worker for cache directory md-rule (C:\Users\danga\.gradle\caches\7.0.2\md-rule)" [_thread_blocked, id=9016, stack(0x0000005451a00000,0x0000005451b00000)]
  0x000001e5891bf000 JavaThread "Cache worker for dependencies-accessors (C:\Users\danga\Desktop\CS 4530\Project code\4350_Project_1\.gradle\7.0.2\dependencies-accessors)" [_thread_blocked, id=15740, stack(0x0000005451d00000,0x0000005451e00000)]
  0x000001e5891bc800 JavaThread "Cache worker for Build Output Cleanup Cache (C:\Users\danga\Desktop\CS 4530\Project code\4350_Project_1\.gradle\buildOutputCleanup)" [_thread_blocked, id=2452, stack(0x0000005451f00000,0x0000005452000000)]
  0x000001e5891c6000 JavaThread "Build operations" [_thread_blocked, id=14620, stack(0x0000005452400000,0x0000005452500000)]
  0x000001e5891c4800 JavaThread "Build operations Thread 2" [_thread_blocked, id=19328, stack(0x0000005452500000,0x0000005452600000)]
  0x000001e5891c7000 JavaThread "Build operations Thread 3" [_thread_blocked, id=12520, stack(0x0000005452600000,0x0000005452700000)]
  0x000001e5891c8000 JavaThread "Build operations Thread 4" [_thread_blocked, id=14168, stack(0x0000005452700000,0x0000005452800000)]
  0x000001e5891c4000 JavaThread "Build operations Thread 5" [_thread_blocked, id=15108, stack(0x0000005452800000,0x0000005452900000)]
  0x000001e5891c5800 JavaThread "Build operations Thread 6" [_thread_blocked, id=13532, stack(0x0000005452900000,0x0000005452a00000)]
  0x000001e5894f2800 JavaThread "Build operations Thread 7" [_thread_blocked, id=16352, stack(0x0000005452a00000,0x0000005452b00000)]
  0x000001e5894f6800 JavaThread "Build operations Thread 8" [_thread_blocked, id=17872, stack(0x0000005452b00000,0x0000005452c00000)]
  0x000001e5891bd000 JavaThread "build event listener" [_thread_blocked, id=18468, stack(0x0000005452d00000,0x0000005452e00000)]
  0x000001e58ca5c000 JavaThread "Execution worker for ':'" [_thread_blocked, id=16272, stack(0x0000005453300000,0x0000005453400000)]
  0x000001e58ca5b000 JavaThread "Execution worker for ':' Thread 2" [_thread_blocked, id=3936, stack(0x0000005453400000,0x0000005453500000)]
  0x000001e58ca5d000 JavaThread "Execution worker for ':' Thread 3" [_thread_blocked, id=2176, stack(0x0000005453500000,0x0000005453600000)]
  0x000001e58ca59800 JavaThread "Execution worker for ':' Thread 4" [_thread_blocked, id=20328, stack(0x0000005453600000,0x0000005453700000)]
  0x000001e58ca57000 JavaThread "Execution worker for ':' Thread 5" [_thread_blocked, id=18804, stack(0x0000005453700000,0x0000005453800000)]
  0x000001e58ca5a800 JavaThread "Execution worker for ':' Thread 6" [_thread_blocked, id=18584, stack(0x0000005453800000,0x0000005453900000)]
  0x000001e58ca5d800 JavaThread "Execution worker for ':' Thread 7" [_thread_blocked, id=12180, stack(0x0000005453900000,0x0000005453a00000)]
  0x000001e58ca58800 JavaThread "Cache worker for execution history cache (C:\Users\danga\Desktop\CS 4530\Project code\4350_Project_1\.gradle\7.0.2\executionHistory)" [_thread_blocked, id=2848, stack(0x0000005453a00000,0x0000005453b00000)]
  0x000001e58ca58000 JavaThread "C2 CompilerThread1" daemon [_thread_blocked, id=15724, stack(0x0000005452c00000,0x0000005452d00000)]
  0x000001e5894f3800 JavaThread "C2 CompilerThread2" daemon [_thread_blocked, id=19348, stack(0x0000005453b00000,0x0000005453c00000)]
  0x000001e592855000 JavaThread "WorkerExecutor Queue" [_thread_blocked, id=20164, stack(0x0000005454200000,0x0000005454300000)]
  0x000001e592856000 JavaThread "WorkerExecutor Queue Thread 2" [_thread_blocked, id=12620, stack(0x0000005454300000,0x0000005454400000)]

Other Threads:
  0x000001e586829800 VMThread "VM Thread" [stack: 0x000000544f900000,0x000000544fa00000] [id=8604]
  0x000001e586a23000 WatcherThread [stack: 0x0000005450300000,0x0000005450400000] [id=16612]
  0x000001e5ebb28800 GCTaskThread "GC Thread#0" [stack: 0x000000544f400000,0x000000544f500000] [id=6728]
=>0x000001e5878c6800 GCTaskThread "GC Thread#1" [stack: 0x0000005450600000,0x0000005450700000] [id=11840]
  0x000001e587606000 GCTaskThread "GC Thread#2" [stack: 0x0000005450700000,0x0000005450800000] [id=8888]
  0x000001e58794e000 GCTaskThread "GC Thread#3" [stack: 0x0000005450800000,0x0000005450900000] [id=13552]
  0x000001e58794f000 GCTaskThread "GC Thread#4" [stack: 0x0000005450900000,0x0000005450a00000] [id=14656]
  0x000001e58794f800 GCTaskThread "GC Thread#5" [stack: 0x0000005450a00000,0x0000005450b00000] [id=11156]
  0x000001e5872e2000 GCTaskThread "GC Thread#6" [stack: 0x0000005451500000,0x0000005451600000] [id=17268]
  0x000001e588cbc800 GCTaskThread "GC Thread#7" [stack: 0x0000005451600000,0x0000005451700000] [id=11364]
  0x000001e5ebb5a000 ConcurrentGCThread "G1 Main Marker" [stack: 0x000000544f500000,0x000000544f600000] [id=17936]
  0x000001e5ebb5b000 ConcurrentGCThread "G1 Conc#0" [stack: 0x000000544f600000,0x000000544f700000] [id=16916]
  0x000001e587759000 ConcurrentGCThread "G1 Conc#1" [stack: 0x0000005451700000,0x0000005451800000] [id=13364]
  0x000001e5ffe46800 ConcurrentGCThread "G1 Refine#0" [stack: 0x000000544f700000,0x000000544f800000] [id=13492]
  0x000001e58edc9000 ConcurrentGCThread "G1 Refine#1" [stack: 0x0000005453c00000,0x0000005453d00000] [id=19436]
  0x000001e586dd6800 ConcurrentGCThread "G1 Refine#2" [stack: 0x0000005453d00000,0x0000005453e00000] [id=7388]
  0x000001e5877c4800 ConcurrentGCThread "G1 Refine#3" [stack: 0x0000005453e00000,0x0000005453f00000] [id=15696]
  0x000001e586f49000 ConcurrentGCThread "G1 Refine#4" [stack: 0x0000005453f00000,0x0000005454000000] [id=9664]
  0x000001e588351800 ConcurrentGCThread "G1 Refine#5" [stack: 0x0000005454000000,0x0000005454100000] [id=1744]
  0x000001e590562800 ConcurrentGCThread "G1 Refine#6" [stack: 0x0000005454100000,0x0000005454200000] [id=20456]
  0x000001e5ffe47800 ConcurrentGCThread "G1 Young RemSet Sampling" [stack: 0x000000544f800000,0x000000544f900000] [id=15688]

Threads with active compile tasks:
C2 CompilerThread04050912 16584       4       org.gradle.api.internal.artifacts.transform.AbstractTransformedArtifactSet::visit (97 bytes)
C1 CompilerThread04050912 17038       2       com.android.aapt.Resources$Style$Builder::buildPartial (151 bytes)
C2 CompilerThread14050912 16780  s!   4       jdk.internal.loader.URLClassPath::getLoader (194 bytes)
C2 CompilerThread24050912 16725       4       com.sun.org.apache.xerces.internal.impl.XMLEntityScanner::scanQName (502 bytes)

VM state:at safepoint (normal execution)

VM Mutex/Monitor currently owned by a thread:  ([mutex/lock_event])
[0x000001e5ebb0aa30] Threads_lock - owner thread: 0x000001e586829800
[0x000001e5ebb0b8d0] Heap_lock - owner thread: 0x000001e592855000

Heap address: 0x0000000080000000, size: 2048 MB, Compressed Oops mode: 32-bit
Narrow klass base: 0x0000000000000000, Narrow klass shift: 3
Compressed class space size: 1073741824 Address: 0x0000000100000000

Heap:
 garbage-first heap   total 262144K, used 152664K [0x0000000080000000, 0x0000000100000000)
  region size 1024K, 6 young (6144K), 2 survivors (2048K)
 Metaspace       used 117499K, capacity 120188K, committed 121600K, reserved 1155072K
  class space    used 14687K, capacity 15686K, committed 16128K, reserved 1048576K
Heap Regions: E=young(eden), S=young(survivor), O=old, HS=humongous(starts), HC=humongous(continues), CS=collection set, F=free, A=archive, TAMS=top-at-mark-start (previous, next)
|   0|0x0000000080000000, 0x0000000080100000, 0x0000000080100000|100%| O|  |TAMS 0x0000000080100000, 0x0000000080000000| Untracked 
|   1|0x0000000080100000, 0x0000000080200000, 0x0000000080200000|100%| O|  |TAMS 0x0000000080200000, 0x0000000080100000| Untracked 
|   2|0x0000000080200000, 0x0000000080300000, 0x0000000080300000|100%| O|  |TAMS 0x0000000080300000, 0x0000000080200000| Untracked 
|   3|0x0000000080300000, 0x0000000080400000, 0x0000000080400000|100%|HS|  |TAMS 0x0000000080400000, 0x0000000080300000| Complete 
|   4|0x0000000080400000, 0x0000000080500000, 0x0000000080500000|100%|HC|  |TAMS 0x0000000080500000, 0x0000000080400000| Complete 
|   5|0x0000000080500000, 0x0000000080600000, 0x0000000080600000|100%|HC|  |TAMS 0x0000000080600000, 0x0000000080500000| Complete 
|   6|0x0000000080600000, 0x0000000080700000, 0x0000000080700000|100%| O|  |TAMS 0x0000000080700000, 0x0000000080600000| Untracked 
|   7|0x0000000080700000, 0x0000000080800000, 0x0000000080800000|100%| O|  |TAMS 0x0000000080800000, 0x0000000080700000| Untracked 
|   8|0x0000000080800000, 0x0000000080900000, 0x0000000080900000|100%| O|  |TAMS 0x0000000080900000, 0x0000000080800000| Complete 
|   9|0x0000000080900000, 0x0000000080a00000, 0x0000000080a00000|100%| O|  |TAMS 0x0000000080a00000, 0x0000000080900000| Untracked 
|  10|0x0000000080a00000, 0x0000000080b00000, 0x0000000080b00000|100%| O|  |TAMS 0x0000000080b00000, 0x0000000080a00000| Complete 
|  11|0x0000000080b00000, 0x0000000080c00000, 0x0000000080c00000|100%| O|  |TAMS 0x0000000080c00000, 0x0000000080b00000| Untracked 
|  12|0x0000000080c00000, 0x0000000080d00000, 0x0000000080d00000|100%| O|  |TAMS 0x0000000080d00000, 0x0000000080c00000| Untracked 
|  13|0x0000000080d00000, 0x0000000080e00000, 0x0000000080e00000|100%| O|  |TAMS 0x0000000080e00000, 0x0000000080d00000| Untracked 
|  14|0x0000000080e00000, 0x0000000080f00000, 0x0000000080f00000|100%| O|  |TAMS 0x0000000080f00000, 0x0000000080e00000| Untracked 
|  15|0x0000000080f00000, 0x0000000081000000, 0x0000000081000000|100%| O|  |TAMS 0x0000000081000000, 0x0000000080f00000| Complete 
|  16|0x0000000081000000, 0x0000000081100000, 0x0000000081100000|100%|HS|  |TAMS 0x0000000081100000, 0x0000000081000000| Complete 
|  17|0x0000000081100000, 0x0000000081200000, 0x0000000081200000|100%|HS|  |TAMS 0x0000000081200000, 0x0000000081100000| Complete 
|  18|0x0000000081200000, 0x0000000081300000, 0x0000000081300000|100%|HS|  |TAMS 0x0000000081300000, 0x0000000081200000| Complete 
|  19|0x0000000081300000, 0x0000000081400000, 0x0000000081400000|100%|HC|  |TAMS 0x0000000081400000, 0x0000000081300000| Complete 
|  20|0x0000000081400000, 0x0000000081500000, 0x0000000081500000|100%| O|  |TAMS 0x0000000081500000, 0x0000000081400000| Complete 
|  21|0x0000000081500000, 0x0000000081600000, 0x0000000081600000|100%| O|  |TAMS 0x0000000081600000, 0x0000000081500000| Complete 
|  22|0x0000000081600000, 0x0000000081700000, 0x0000000081700000|100%| O|  |TAMS 0x0000000081700000, 0x0000000081600000| Complete 
|  23|0x0000000081700000, 0x0000000081800000, 0x0000000081800000|100%| O|  |TAMS 0x0000000081800000, 0x0000000081700000| Complete 
|  24|0x0000000081800000, 0x0000000081900000, 0x0000000081900000|100%| O|  |TAMS 0x0000000081900000, 0x0000000081800000| Complete 
|  25|0x0000000081900000, 0x0000000081a00000, 0x0000000081a00000|100%| O|  |TAMS 0x0000000081a00000, 0x0000000081900000| Complete 
|  26|0x0000000081a00000, 0x0000000081b00000, 0x0000000081b00000|100%| O|  |TAMS 0x0000000081b00000, 0x0000000081a00000| Complete 
|  27|0x0000000081b00000, 0x0000000081c00000, 0x0000000081c00000|100%| O|  |TAMS 0x0000000081c00000, 0x0000000081b00000| Complete 
|  28|0x0000000081c00000, 0x0000000081d00000, 0x0000000081d00000|100%| O|  |TAMS 0x0000000081d00000, 0x0000000081c00000| Complete 
|  29|0x0000000081d00000, 0x0000000081e00000, 0x0000000081e00000|100%| O|  |TAMS 0x0000000081e00000, 0x0000000081d00000| Untracked 
|  30|0x0000000081e00000, 0x0000000081f00000, 0x0000000081f00000|100%| O|  |TAMS 0x0000000081f00000, 0x0000000081e00000| Complete 
|  31|0x0000000081f00000, 0x0000000082000000, 0x0000000082000000|100%| O|  |TAMS 0x0000000082000000, 0x0000000081f00000| Complete 
|  32|0x0000000082000000, 0x0000000082100000, 0x0000000082100000|100%| O|  |TAMS 0x0000000082100000, 0x0000000082000000| Complete 
|  33|0x0000000082100000, 0x0000000082200000, 0x0000000082200000|100%| O|  |TAMS 0x0000000082200000, 0x0000000082100000| Untracked 
|  34|0x0000000082200000, 0x0000000082300000, 0x0000000082300000|100%| O|  |TAMS 0x0000000082300000, 0x0000000082200000| Untracked 
|  35|0x0000000082300000, 0x0000000082400000, 0x0000000082400000|100%| O|  |TAMS 0x0000000082400000, 0x0000000082300000| Untracked 
|  36|0x0000000082400000, 0x0000000082500000, 0x0000000082500000|100%| O|  |TAMS 0x0000000082500000, 0x0000000082400000| Untracked 
|  37|0x0000000082500000, 0x0000000082600000, 0x0000000082600000|100%| O|  |TAMS 0x0000000082600000, 0x0000000082500000| Untracked 
|  38|0x0000000082600000, 0x0000000082700000, 0x0000000082700000|100%| O|  |TAMS 0x0000000082700000, 0x0000000082600000| Complete 
|  39|0x0000000082700000, 0x0000000082800000, 0x0000000082800000|100%| O|  |TAMS 0x0000000082800000, 0x0000000082700000| Untracked 
|  40|0x0000000082800000, 0x0000000082900000, 0x0000000082900000|100%| O|  |TAMS 0x0000000082900000, 0x0000000082800000| Complete 
|  41|0x0000000082900000, 0x0000000082a00000, 0x0000000082a00000|100%| O|  |TAMS 0x0000000082900000, 0x0000000082900000| Untracked 
|  42|0x0000000082a00000, 0x0000000082b00000, 0x0000000082b00000|100%| O|  |TAMS 0x0000000082a00000, 0x0000000082a00000| Untracked 
|  43|0x0000000082b00000, 0x0000000082c00000, 0x0000000082c00000|100%| O|  |TAMS 0x0000000082c00000, 0x0000000082b00000| Complete 
|  44|0x0000000082c00000, 0x0000000082d00000, 0x0000000082d00000|100%| O|  |TAMS 0x0000000082d00000, 0x0000000082c00000| Complete 
|  45|0x0000000082d00000, 0x0000000082e00000, 0x0000000082e00000|100%| O|  |TAMS 0x0000000082d00000, 0x0000000082d00000| Untracked 
|  46|0x0000000082e00000, 0x0000000082f00000, 0x0000000082f00000|100%| O|  |TAMS 0x0000000082e00000, 0x0000000082e00000| Untracked 
|  47|0x0000000082f00000, 0x0000000083000000, 0x0000000083000000|100%| O|  |TAMS 0x0000000083000000, 0x0000000082f00000| Complete 
|  48|0x0000000083000000, 0x0000000083100000, 0x0000000083100000|100%| O|  |TAMS 0x0000000083100000, 0x0000000083000000| Untracked 
|  49|0x0000000083100000, 0x0000000083200000, 0x0000000083200000|100%| O|  |TAMS 0x0000000083200000, 0x0000000083100000| Complete 
|  50|0x0000000083200000, 0x0000000083300000, 0x0000000083300000|100%| O|  |TAMS 0x0000000083300000, 0x0000000083200000| Complete 
|  51|0x0000000083300000, 0x0000000083400000, 0x0000000083400000|100%| O|  |TAMS 0x0000000083300000, 0x0000000083300000| Untracked 
|  52|0x0000000083400000, 0x0000000083500000, 0x0000000083500000|100%| O|  |TAMS 0x0000000083500000, 0x0000000083400000| Complete 
|  53|0x0000000083500000, 0x0000000083600000, 0x0000000083600000|100%|HS|  |TAMS 0x0000000083600000, 0x0000000083500000| Complete 
|  54|0x0000000083600000, 0x0000000083700000, 0x0000000083700000|100%|HC|  |TAMS 0x0000000083700000, 0x0000000083600000| Complete 
|  55|0x0000000083700000, 0x0000000083800000, 0x0000000083800000|100%|HS|  |TAMS 0x0000000083800000, 0x0000000083700000| Complete 
|  56|0x0000000083800000, 0x0000000083900000, 0x0000000083900000|100%|HC|  |TAMS 0x0000000083900000, 0x0000000083800000| Complete 
|  57|0x0000000083900000, 0x0000000083a00000, 0x0000000083a00000|100%|HC|  |TAMS 0x0000000083a00000, 0x0000000083900000| Complete 
|  58|0x0000000083a00000, 0x0000000083b00000, 0x0000000083b00000|100%|HS|  |TAMS 0x0000000083b00000, 0x0000000083a00000| Complete 
|  59|0x0000000083b00000, 0x0000000083c00000, 0x0000000083c00000|100%|HC|  |TAMS 0x0000000083c00000, 0x0000000083b00000| Complete 
|  60|0x0000000083c00000, 0x0000000083d00000, 0x0000000083d00000|100%|HC|  |TAMS 0x0000000083d00000, 0x0000000083c00000| Complete 
|  61|0x0000000083d00000, 0x0000000083e00000, 0x0000000083e00000|100%|HC|  |TAMS 0x0000000083e00000, 0x0000000083d00000| Complete 
|  62|0x0000000083e00000, 0x0000000083f00000, 0x0000000083f00000|100%| O|  |TAMS 0x0000000083f00000, 0x0000000083e00000| Complete 
|  63|0x0000000083f00000, 0x0000000084000000, 0x0000000084000000|100%| O|  |TAMS 0x0000000084000000, 0x0000000083f00000| Untracked 
|  64|0x0000000084000000, 0x0000000084100000, 0x0000000084100000|100%| O|  |TAMS 0x0000000084100000, 0x0000000084000000| Untracked 
|  65|0x0000000084100000, 0x0000000084200000, 0x0000000084200000|100%| O|  |TAMS 0x0000000084200000, 0x0000000084100000| Complete 
|  66|0x0000000084200000, 0x0000000084300000, 0x0000000084300000|100%| O|  |TAMS 0x0000000084300000, 0x0000000084200000| Complete 
|  67|0x0000000084300000, 0x0000000084400000, 0x0000000084400000|100%| O|  |TAMS 0x0000000084300000, 0x0000000084300000| Untracked 
|  68|0x0000000084400000, 0x0000000084500000, 0x0000000084500000|100%| O|  |TAMS 0x0000000084400000, 0x0000000084400000| Untracked 
|  69|0x0000000084500000, 0x0000000084600000, 0x0000000084600000|100%| O|  |TAMS 0x0000000084500000, 0x0000000084500000| Untracked 
|  70|0x0000000084600000, 0x0000000084700000, 0x0000000084700000|100%|HS|  |TAMS 0x0000000084700000, 0x0000000084600000| Complete 
|  71|0x0000000084700000, 0x0000000084800000, 0x0000000084800000|100%|HC|  |TAMS 0x0000000084800000, 0x0000000084700000| Complete 
|  72|0x0000000084800000, 0x0000000084900000, 0x0000000084900000|100%|HC|  |TAMS 0x0000000084900000, 0x0000000084800000| Complete 
|  73|0x0000000084900000, 0x0000000084a00000, 0x0000000084a00000|100%| O|  |TAMS 0x0000000084a00000, 0x0000000084900000| Untracked 
|  74|0x0000000084a00000, 0x0000000084b00000, 0x0000000084b00000|100%| O|  |TAMS 0x0000000084b00000, 0x0000000084a00000| Complete 
|  75|0x0000000084b00000, 0x0000000084c00000, 0x0000000084c00000|100%| O|  |TAMS 0x0000000084c00000, 0x0000000084b00000| Untracked 
|  76|0x0000000084c00000, 0x0000000084d00000, 0x0000000084d00000|100%| O|  |TAMS 0x0000000084d00000, 0x0000000084c00000| Complete 
|  77|0x0000000084d00000, 0x0000000084e00000, 0x0000000084e00000|100%| O|  |TAMS 0x0000000084e00000, 0x0000000084d00000| Untracked 
|  78|0x0000000084e00000, 0x0000000084f00000, 0x0000000084f00000|100%| O|  |TAMS 0x0000000084f00000, 0x0000000084e00000| Untracked 
|  79|0x0000000084f00000, 0x0000000085000000, 0x0000000085000000|100%| O|  |TAMS 0x0000000085000000, 0x0000000084f00000| Complete 
|  80|0x0000000085000000, 0x0000000085100000, 0x0000000085100000|100%| O|  |TAMS 0x0000000085100000, 0x0000000085000000| Complete 
|  81|0x0000000085100000, 0x0000000085200000, 0x0000000085200000|100%| O|  |TAMS 0x0000000085100000, 0x0000000085100000| Untracked 
|  82|0x0000000085200000, 0x0000000085300000, 0x0000000085300000|100%| O|  |TAMS 0x0000000085200000, 0x0000000085200000| Untracked 
|  83|0x0000000085300000, 0x0000000085400000, 0x0000000085400000|100%| O|  |TAMS 0x0000000085400000, 0x0000000085300000| Complete 
|  84|0x0000000085400000, 0x0000000085500000, 0x0000000085500000|100%| O|  |TAMS 0x0000000085400000, 0x0000000085400000| Untracked 
|  85|0x0000000085500000, 0x0000000085600000, 0x0000000085600000|100%| O|  |TAMS 0x0000000085600000, 0x0000000085500000| Untracked 
|  86|0x0000000085600000, 0x0000000085700000, 0x0000000085700000|100%| O|  |TAMS 0x0000000085700000, 0x0000000085600000| Untracked 
|  87|0x0000000085700000, 0x0000000085800000, 0x0000000085800000|100%| O|CS|TAMS 0x0000000085800000, 0x0000000085700000| Complete 
|  88|0x0000000085800000, 0x0000000085900000, 0x0000000085900000|100%| O|  |TAMS 0x0000000085900000, 0x0000000085800000| Complete 
|  89|0x0000000085900000, 0x0000000085a00000, 0x0000000085a00000|100%|HS|  |TAMS 0x0000000085a00000, 0x0000000085900000| Complete 
|  90|0x0000000085a00000, 0x0000000085b00000, 0x0000000085b00000|100%|HC|  |TAMS 0x0000000085b00000, 0x0000000085a00000| Complete 
|  91|0x0000000085b00000, 0x0000000085c00000, 0x0000000085c00000|100%|HC|  |TAMS 0x0000000085c00000, 0x0000000085b00000| Complete 
|  92|0x0000000085c00000, 0x0000000085d00000, 0x0000000085d00000|100%|HC|  |TAMS 0x0000000085d00000, 0x0000000085c00000| Complete 
|  93|0x0000000085d00000, 0x0000000085e00000, 0x0000000085e00000|100%|HS|  |TAMS 0x0000000085e00000, 0x0000000085d00000| Complete 
|  94|0x0000000085e00000, 0x0000000085f00000, 0x0000000085f00000|100%|HC|  |TAMS 0x0000000085f00000, 0x0000000085e00000| Complete 
|  95|0x0000000085f00000, 0x0000000086000000, 0x0000000086000000|100%|HS|  |TAMS 0x0000000086000000, 0x0000000085f00000| Complete 
|  96|0x0000000086000000, 0x0000000086100000, 0x0000000086100000|100%|HC|  |TAMS 0x0000000086100000, 0x0000000086000000| Complete 
|  97|0x0000000086100000, 0x0000000086200000, 0x0000000086200000|100%|HC|  |TAMS 0x0000000086200000, 0x0000000086100000| Complete 
|  98|0x0000000086200000, 0x0000000086300000, 0x0000000086300000|100%|HS|  |TAMS 0x0000000086300000, 0x0000000086200000| Complete 
|  99|0x0000000086300000, 0x0000000086400000, 0x0000000086400000|100%|HC|  |TAMS 0x0000000086400000, 0x0000000086300000| Complete 
| 100|0x0000000086400000, 0x0000000086500000, 0x0000000086500000|100%|HC|  |TAMS 0x0000000086500000, 0x0000000086400000| Complete 
| 101|0x0000000086500000, 0x0000000086600000, 0x0000000086600000|100%|HC|  |TAMS 0x0000000086600000, 0x0000000086500000| Complete 
| 102|0x0000000086600000, 0x0000000086620b50, 0x0000000086700000| 12%| O|  |TAMS 0x0000000086600000, 0x0000000086600000| Untracked 
| 103|0x0000000086700000, 0x0000000086800000, 0x0000000086800000|100%| O|  |TAMS 0x0000000086800000, 0x0000000086700000| Untracked 
| 104|0x0000000086800000, 0x0000000086900000, 0x0000000086900000|100%| O|  |TAMS 0x0000000086900000, 0x0000000086800000| Complete 
| 105|0x0000000086900000, 0x0000000086a00000, 0x0000000086a00000|100%| O|  |TAMS 0x0000000086a00000, 0x0000000086900000| Complete 
| 106|0x0000000086a00000, 0x0000000086b00000, 0x0000000086b00000|100%| O|  |TAMS 0x0000000086b00000, 0x0000000086a00000| Complete 
| 107|0x0000000086b00000, 0x0000000086c00000, 0x0000000086c00000|100%| O|  |TAMS 0x0000000086c00000, 0x0000000086b00000| Untracked 
| 108|0x0000000086c00000, 0x0000000086d00000, 0x0000000086d00000|100%| O|CS|TAMS 0x0000000086d00000, 0x0000000086c00000| Complete 
| 109|0x0000000086d00000, 0x0000000086e00000, 0x0000000086e00000|100%| O|  |TAMS 0x0000000086e00000, 0x0000000086d00000| Complete 
| 110|0x0000000086e00000, 0x0000000086e00000, 0x0000000086f00000|  0%| F|  |TAMS 0x0000000086e00000, 0x0000000086e00000| Untracked 
| 111|0x0000000086f00000, 0x0000000086f00000, 0x0000000087000000|  0%| F|  |TAMS 0x0000000086f00000, 0x0000000086f00000| Untracked 
| 112|0x0000000087000000, 0x0000000087000000, 0x0000000087100000|  0%| F|  |TAMS 0x0000000087000000, 0x0000000087000000| Untracked 
| 113|0x0000000087100000, 0x0000000087100000, 0x0000000087200000|  0%| F|  |TAMS 0x0000000087100000, 0x0000000087100000| Untracked 
| 114|0x0000000087200000, 0x0000000087200000, 0x0000000087300000|  0%| F|  |TAMS 0x0000000087200000, 0x0000000087200000| Untracked 
| 115|0x0000000087300000, 0x0000000087400000, 0x0000000087400000|100%| O|  |TAMS 0x0000000087400000, 0x0000000087300000| Complete 
| 116|0x0000000087400000, 0x0000000087500000, 0x0000000087500000|100%| O|  |TAMS 0x0000000087500000, 0x0000000087400000| Complete 
| 117|0x0000000087500000, 0x0000000087600000, 0x0000000087600000|100%| O|CS|TAMS 0x0000000087600000, 0x0000000087500000| Complete 
| 118|0x0000000087600000, 0x0000000087600000, 0x0000000087700000|  0%| F|  |TAMS 0x0000000087600000, 0x0000000087600000| Untracked 
| 119|0x0000000087700000, 0x0000000087800000, 0x0000000087800000|100%| O|  |TAMS 0x0000000087800000, 0x0000000087700000| Complete 
| 120|0x0000000087800000, 0x0000000087900000, 0x0000000087900000|100%| O|  |TAMS 0x0000000087900000, 0x0000000087800000| Complete 
| 121|0x0000000087900000, 0x0000000087900000, 0x0000000087a00000|  0%| F|  |TAMS 0x0000000087900000, 0x0000000087900000| Untracked 
| 122|0x0000000087a00000, 0x0000000087a00000, 0x0000000087b00000|  0%| F|  |TAMS 0x0000000087a00000, 0x0000000087a00000| Untracked 
| 123|0x0000000087b00000, 0x0000000087b00000, 0x0000000087c00000|  0%| F|  |TAMS 0x0000000087b00000, 0x0000000087b00000| Untracked 
| 124|0x0000000087c00000, 0x0000000087c00000, 0x0000000087d00000|  0%| F|  |TAMS 0x0000000087c00000, 0x0000000087c00000| Untracked 
| 125|0x0000000087d00000, 0x0000000087d00000, 0x0000000087e00000|  0%| F|  |TAMS 0x0000000087d00000, 0x0000000087d00000| Untracked 
| 126|0x0000000087e00000, 0x0000000087f00000, 0x0000000087f00000|100%| O|CS|TAMS 0x0000000087f00000, 0x0000000087e00000| Complete 
| 127|0x0000000087f00000, 0x0000000088000000, 0x0000000088000000|100%| O|  |TAMS 0x0000000088000000, 0x0000000087f00000| Untracked 
| 128|0x0000000088000000, 0x0000000088100000, 0x0000000088100000|100%| O|  |TAMS 0x0000000088100000, 0x0000000088000000| Untracked 
| 129|0x0000000088100000, 0x0000000088200000, 0x0000000088200000|100%| O|  |TAMS 0x0000000088200000, 0x0000000088100000| Untracked 
| 130|0x0000000088200000, 0x0000000088300000, 0x0000000088300000|100%| O|  |TAMS 0x0000000088300000, 0x0000000088200000| Untracked 
| 131|0x0000000088300000, 0x0000000088400000, 0x0000000088400000|100%| O|  |TAMS 0x0000000088400000, 0x0000000088300000| Untracked 
| 132|0x0000000088400000, 0x0000000088500000, 0x0000000088500000|100%| O|  |TAMS 0x0000000088500000, 0x0000000088400000| Untracked 
| 133|0x0000000088500000, 0x0000000088600000, 0x0000000088600000|100%| O|  |TAMS 0x0000000088600000, 0x0000000088500000| Untracked 
| 134|0x0000000088600000, 0x0000000088700000, 0x0000000088700000|100%| O|  |TAMS 0x0000000088700000, 0x0000000088600000| Untracked 
| 135|0x0000000088700000, 0x0000000088800000, 0x0000000088800000|100%| O|  |TAMS 0x0000000088800000, 0x0000000088700000| Untracked 
| 136|0x0000000088800000, 0x0000000088900000, 0x0000000088900000|100%| O|  |TAMS 0x0000000088900000, 0x0000000088800000| Untracked 
| 137|0x0000000088900000, 0x0000000088a00000, 0x0000000088a00000|100%| O|  |TAMS 0x0000000088a00000, 0x0000000088900000| Untracked 
| 138|0x0000000088a00000, 0x0000000088b00000, 0x0000000088b00000|100%| O|  |TAMS 0x0000000088b00000, 0x0000000088a00000| Untracked 
| 139|0x0000000088b00000, 0x0000000088c00000, 0x0000000088c00000|100%| O|  |TAMS 0x0000000088c00000, 0x0000000088b00000| Untracked 
| 140|0x0000000088c00000, 0x0000000088d00000, 0x0000000088d00000|100%| O|  |TAMS 0x0000000088d00000, 0x0000000088c00000| Untracked 
| 141|0x0000000088d00000, 0x0000000088e00000, 0x0000000088e00000|100%| O|  |TAMS 0x0000000088e00000, 0x0000000088d00000| Untracked 
| 142|0x0000000088e00000, 0x0000000088f00000, 0x0000000088f00000|100%| O|  |TAMS 0x0000000088f00000, 0x0000000088e00000| Untracked 
| 143|0x0000000088f00000, 0x0000000089000000, 0x0000000089000000|100%| O|  |TAMS 0x0000000089000000, 0x0000000088f00000| Untracked 
| 144|0x0000000089000000, 0x0000000089100000, 0x0000000089100000|100%| O|  |TAMS 0x0000000089100000, 0x0000000089000000| Untracked 
| 145|0x0000000089100000, 0x0000000089200000, 0x0000000089200000|100%| O|  |TAMS 0x0000000089200000, 0x0000000089100000| Complete 
| 146|0x0000000089200000, 0x0000000089300000, 0x0000000089300000|100%| O|CS|TAMS 0x0000000089300000, 0x0000000089200000| Complete 
| 147|0x0000000089300000, 0x0000000089400000, 0x0000000089400000|100%| O|  |TAMS 0x0000000089400000, 0x0000000089300000| Untracked 
| 148|0x0000000089400000, 0x0000000089500000, 0x0000000089500000|100%| O|  |TAMS 0x0000000089500000, 0x0000000089400000| Complete 
| 149|0x0000000089500000, 0x0000000089600000, 0x0000000089600000|100%| O|  |TAMS 0x0000000089600000, 0x0000000089500000| Untracked 
| 150|0x0000000089600000, 0x0000000089700000, 0x0000000089700000|100%| O|  |TAMS 0x0000000089700000, 0x0000000089600000| Untracked 
| 151|0x0000000089700000, 0x0000000089800000, 0x0000000089800000|100%| O|  |TAMS 0x0000000089800000, 0x0000000089700000| Untracked 
| 152|0x0000000089800000, 0x0000000089900000, 0x0000000089900000|100%| O|  |TAMS 0x0000000089900000, 0x0000000089800000| Untracked 
| 153|0x0000000089900000, 0x0000000089a00000, 0x0000000089a00000|100%| O|  |TAMS 0x0000000089a00000, 0x0000000089900000| Untracked 
| 154|0x0000000089a00000, 0x0000000089b00000, 0x0000000089b00000|100%| O|  |TAMS 0x0000000089b00000, 0x0000000089a00000| Untracked 
| 155|0x0000000089b00000, 0x0000000089c00000, 0x0000000089c00000|100%| O|  |TAMS 0x0000000089c00000, 0x0000000089b00000| Untracked 
| 156|0x0000000089c00000, 0x0000000089d00000, 0x0000000089d00000|100%| O|  |TAMS 0x0000000089d00000, 0x0000000089c00000| Complete 
| 157|0x0000000089d00000, 0x0000000089d00000, 0x0000000089e00000|  0%| F|  |TAMS 0x0000000089d00000, 0x0000000089d00000| Untracked 
| 158|0x0000000089e00000, 0x0000000089e00000, 0x0000000089f00000|  0%| F|  |TAMS 0x0000000089e00000, 0x0000000089e00000| Untracked 
| 159|0x0000000089f00000, 0x0000000089f00000, 0x000000008a000000|  0%| F|  |TAMS 0x0000000089f00000, 0x0000000089f00000| Untracked 
| 160|0x000000008a000000, 0x000000008a000000, 0x000000008a100000|  0%| F|  |TAMS 0x000000008a000000, 0x000000008a000000| Untracked 
| 161|0x000000008a100000, 0x000000008a100000, 0x000000008a200000|  0%| F|  |TAMS 0x000000008a100000, 0x000000008a100000| Untracked 
| 162|0x000000008a200000, 0x000000008a200000, 0x000000008a300000|  0%| F|  |TAMS 0x000000008a200000, 0x000000008a200000| Untracked 
| 163|0x000000008a300000, 0x000000008a300000, 0x000000008a400000|  0%| F|  |TAMS 0x000000008a300000, 0x000000008a300000| Untracked 
| 164|0x000000008a400000, 0x000000008a400000, 0x000000008a500000|  0%| F|  |TAMS 0x000000008a400000, 0x000000008a400000| Untracked 
| 165|0x000000008a500000, 0x000000008a500000, 0x000000008a600000|  0%| F|  |TAMS 0x000000008a500000, 0x000000008a500000| Untracked 
| 166|0x000000008a600000, 0x000000008a600000, 0x000000008a700000|  0%| F|  |TAMS 0x000000008a600000, 0x000000008a600000| Untracked 
| 167|0x000000008a700000, 0x000000008a700000, 0x000000008a800000|  0%| F|  |TAMS 0x000000008a700000, 0x000000008a700000| Untracked 
| 168|0x000000008a800000, 0x000000008a900000, 0x000000008a900000|100%| O|  |TAMS 0x000000008a900000, 0x000000008a800000| Untracked 
| 169|0x000000008a900000, 0x000000008aa00000, 0x000000008aa00000|100%| O|  |TAMS 0x000000008aa00000, 0x000000008a900000| Complete 
| 170|0x000000008aa00000, 0x000000008ab00000, 0x000000008ab00000|100%| O|  |TAMS 0x000000008aa3cc00, 0x000000008aa00000| Untracked 
| 171|0x000000008ab00000, 0x000000008ab00000, 0x000000008ac00000|  0%| F|  |TAMS 0x000000008ab00000, 0x000000008ab00000| Untracked 
| 172|0x000000008ac00000, 0x000000008ac00000, 0x000000008ad00000|  0%| F|  |TAMS 0x000000008ac00000, 0x000000008ac00000| Untracked 
| 173|0x000000008ad00000, 0x000000008ad00000, 0x000000008ae00000|  0%| F|  |TAMS 0x000000008ad00000, 0x000000008ad00000| Untracked 
| 174|0x000000008ae00000, 0x000000008ae00000, 0x000000008af00000|  0%| F|  |TAMS 0x000000008ae00000, 0x000000008ae00000| Untracked 
| 175|0x000000008af00000, 0x000000008afc2f28, 0x000000008b000000| 76%| E|CS|TAMS 0x000000008af00000, 0x000000008af00000| Complete 
| 176|0x000000008b000000, 0x000000008b100000, 0x000000008b100000|100%| E|CS|TAMS 0x000000008b000000, 0x000000008b000000| Complete 
| 177|0x000000008b100000, 0x000000008b200000, 0x000000008b200000|100%| E|CS|TAMS 0x000000008b100000, 0x000000008b100000| Complete 
| 178|0x000000008b200000, 0x000000008b300000, 0x000000008b300000|100%| E|CS|TAMS 0x000000008b200000, 0x000000008b200000| Complete 
| 179|0x000000008b300000, 0x000000008b400000, 0x000000008b400000|100%| E|CS|TAMS 0x000000008b300000, 0x000000008b300000| Complete 
| 180|0x000000008b400000, 0x000000008b500000, 0x000000008b500000|100%| E|CS|TAMS 0x000000008b400000, 0x000000008b400000| Complete 
| 181|0x000000008b500000, 0x000000008b600000, 0x000000008b600000|100%| E|CS|TAMS 0x000000008b500000, 0x000000008b500000| Complete 
| 182|0x000000008b600000, 0x000000008b700000, 0x000000008b700000|100%| E|CS|TAMS 0x000000008b600000, 0x000000008b600000| Complete 
| 183|0x000000008b700000, 0x000000008b700000, 0x000000008b800000|  0%| F|  |TAMS 0x000000008b700000, 0x000000008b700000| Untracked 
| 184|0x000000008b800000, 0x000000008b800000, 0x000000008b900000|  0%| F|  |TAMS 0x000000008b800000, 0x000000008b800000| Untracked 
| 185|0x000000008b900000, 0x000000008b900000, 0x000000008ba00000|  0%| F|  |TAMS 0x000000008b900000, 0x000000008b900000| Untracked 
| 186|0x000000008ba00000, 0x000000008ba00000, 0x000000008bb00000|  0%| F|  |TAMS 0x000000008ba00000, 0x000000008ba00000| Untracked 
| 187|0x000000008bb00000, 0x000000008bb00000, 0x000000008bc00000|  0%| F|  |TAMS 0x000000008bb00000, 0x000000008bb00000| Untracked 
| 188|0x000000008bc00000, 0x000000008bc00000, 0x000000008bd00000|  0%| F|  |TAMS 0x000000008bc00000, 0x000000008bc00000| Untracked 
| 189|0x000000008bd00000, 0x000000008bd00000, 0x000000008be00000|  0%| F|  |TAMS 0x000000008bd00000, 0x000000008bd00000| Untracked 
| 190|0x000000008be00000, 0x000000008be00000, 0x000000008bf00000|  0%| F|  |TAMS 0x000000008be00000, 0x000000008be00000| Untracked 
| 191|0x000000008bf00000, 0x000000008bf00000, 0x000000008c000000|  0%| F|  |TAMS 0x000000008bf00000, 0x000000008bf00000| Untracked 
| 192|0x000000008c000000, 0x000000008c000000, 0x000000008c100000|  0%| F|  |TAMS 0x000000008c000000, 0x000000008c000000| Untracked 
| 193|0x000000008c100000, 0x000000008c100000, 0x000000008c200000|  0%| F|  |TAMS 0x000000008c100000, 0x000000008c100000| Untracked 
| 194|0x000000008c200000, 0x000000008c200000, 0x000000008c300000|  0%| F|  |TAMS 0x000000008c200000, 0x000000008c200000| Untracked 
| 195|0x000000008c300000, 0x000000008c300000, 0x000000008c400000|  0%| F|  |TAMS 0x000000008c300000, 0x000000008c300000| Untracked 
| 196|0x000000008c400000, 0x000000008c400000, 0x000000008c500000|  0%| F|  |TAMS 0x000000008c400000, 0x000000008c400000| Untracked 
| 197|0x000000008c500000, 0x000000008c500000, 0x000000008c600000|  0%| F|  |TAMS 0x000000008c500000, 0x000000008c500000| Untracked 
| 198|0x000000008c600000, 0x000000008c600000, 0x000000008c700000|  0%| F|  |TAMS 0x000000008c600000, 0x000000008c600000| Untracked 
| 199|0x000000008c700000, 0x000000008c700000, 0x000000008c800000|  0%| F|  |TAMS 0x000000008c700000, 0x000000008c700000| Untracked 
| 200|0x000000008c800000, 0x000000008c800000, 0x000000008c900000|  0%| F|  |TAMS 0x000000008c800000, 0x000000008c800000| Untracked 
| 201|0x000000008c900000, 0x000000008c900000, 0x000000008ca00000|  0%| F|  |TAMS 0x000000008c900000, 0x000000008c900000| Untracked 
| 202|0x000000008ca00000, 0x000000008ca00000, 0x000000008cb00000|  0%| F|  |TAMS 0x000000008ca00000, 0x000000008ca00000| Untracked 
| 203|0x000000008cb00000, 0x000000008cb00000, 0x000000008cc00000|  0%| F|  |TAMS 0x000000008cb00000, 0x000000008cb00000| Untracked 
| 204|0x000000008cc00000, 0x000000008cc00000, 0x000000008cd00000|  0%| F|  |TAMS 0x000000008cc00000, 0x000000008cc00000| Untracked 
| 205|0x000000008cd00000, 0x000000008cd00000, 0x000000008ce00000|  0%| F|  |TAMS 0x000000008cd00000, 0x000000008cd00000| Untracked 
| 206|0x000000008ce00000, 0x000000008ce00000, 0x000000008cf00000|  0%| F|  |TAMS 0x000000008ce00000, 0x000000008ce00000| Untracked 
| 207|0x000000008cf00000, 0x000000008cf00000, 0x000000008d000000|  0%| F|  |TAMS 0x000000008cf00000, 0x000000008cf00000| Untracked 
| 208|0x000000008d000000, 0x000000008d000000, 0x000000008d100000|  0%| F|  |TAMS 0x000000008d000000, 0x000000008d000000| Untracked 
| 209|0x000000008d100000, 0x000000008d100000, 0x000000008d200000|  0%| F|  |TAMS 0x000000008d100000, 0x000000008d100000| Untracked 
| 210|0x000000008d200000, 0x000000008d200000, 0x000000008d300000|  0%| F|  |TAMS 0x000000008d200000, 0x000000008d200000| Untracked 
| 211|0x000000008d300000, 0x000000008d300000, 0x000000008d400000|  0%| F|  |TAMS 0x000000008d300000, 0x000000008d300000| Untracked 
| 212|0x000000008d400000, 0x000000008d400000, 0x000000008d500000|  0%| F|  |TAMS 0x000000008d400000, 0x000000008d400000| Untracked 
| 213|0x000000008d500000, 0x000000008d500000, 0x000000008d600000|  0%| F|  |TAMS 0x000000008d500000, 0x000000008d500000| Untracked 
| 214|0x000000008d600000, 0x000000008d600000, 0x000000008d700000|  0%| F|  |TAMS 0x000000008d600000, 0x000000008d600000| Untracked 
| 215|0x000000008d700000, 0x000000008d700000, 0x000000008d800000|  0%| F|  |TAMS 0x000000008d700000, 0x000000008d700000| Untracked 
| 216|0x000000008d800000, 0x000000008d800000, 0x000000008d900000|  0%| F|  |TAMS 0x000000008d800000, 0x000000008d800000| Untracked 
| 217|0x000000008d900000, 0x000000008d900000, 0x000000008da00000|  0%| F|  |TAMS 0x000000008d900000, 0x000000008d900000| Untracked 
| 218|0x000000008da00000, 0x000000008da00000, 0x000000008db00000|  0%| F|  |TAMS 0x000000008da00000, 0x000000008da00000| Untracked 
| 219|0x000000008db00000, 0x000000008db00000, 0x000000008dc00000|  0%| F|  |TAMS 0x000000008db00000, 0x000000008db00000| Untracked 
| 220|0x000000008dc00000, 0x000000008dc00000, 0x000000008dd00000|  0%| F|  |TAMS 0x000000008dc00000, 0x000000008dc00000| Untracked 
| 221|0x000000008dd00000, 0x000000008dd00000, 0x000000008de00000|  0%| F|  |TAMS 0x000000008dd00000, 0x000000008dd00000| Untracked 
| 222|0x000000008de00000, 0x000000008de00000, 0x000000008df00000|  0%| F|  |TAMS 0x000000008de00000, 0x000000008de00000| Untracked 
| 223|0x000000008df00000, 0x000000008df00000, 0x000000008e000000|  0%| F|  |TAMS 0x000000008df00000, 0x000000008df00000| Untracked 
| 224|0x000000008e000000, 0x000000008e000000, 0x000000008e100000|  0%| F|  |TAMS 0x000000008e000000, 0x000000008e000000| Untracked 
| 225|0x000000008e100000, 0x000000008e100000, 0x000000008e200000|  0%| F|  |TAMS 0x000000008e100000, 0x000000008e100000| Untracked 
| 226|0x000000008e200000, 0x000000008e200000, 0x000000008e300000|  0%| F|  |TAMS 0x000000008e200000, 0x000000008e200000| Untracked 
| 227|0x000000008e300000, 0x000000008e300000, 0x000000008e400000|  0%| F|  |TAMS 0x000000008e300000, 0x000000008e300000| Untracked 
| 228|0x000000008e400000, 0x000000008e400000, 0x000000008e500000|  0%| F|  |TAMS 0x000000008e400000, 0x000000008e400000| Untracked 
| 229|0x000000008e500000, 0x000000008e500000, 0x000000008e600000|  0%| F|  |TAMS 0x000000008e500000, 0x000000008e500000| Untracked 
| 230|0x000000008e600000, 0x000000008e600000, 0x000000008e700000|  0%| F|  |TAMS 0x000000008e600000, 0x000000008e600000| Untracked 
| 231|0x000000008e700000, 0x000000008e700000, 0x000000008e800000|  0%| F|  |TAMS 0x000000008e700000, 0x000000008e700000| Untracked 
| 232|0x000000008e800000, 0x000000008e800000, 0x000000008e900000|  0%| F|  |TAMS 0x000000008e800000, 0x000000008e800000| Untracked 
| 233|0x000000008e900000, 0x000000008e900000, 0x000000008ea00000|  0%| F|  |TAMS 0x000000008e900000, 0x000000008e900000| Untracked 
| 234|0x000000008ea00000, 0x000000008ea00000, 0x000000008eb00000|  0%| F|  |TAMS 0x000000008ea00000, 0x000000008ea00000| Untracked 
| 235|0x000000008eb00000, 0x000000008eb00000, 0x000000008ec00000|  0%| F|  |TAMS 0x000000008eb00000, 0x000000008eb00000| Untracked 
| 236|0x000000008ec00000, 0x000000008ec00000, 0x000000008ed00000|  0%| F|  |TAMS 0x000000008ec00000, 0x000000008ec00000| Untracked 
| 237|0x000000008ed00000, 0x000000008ed00000, 0x000000008ee00000|  0%| F|  |TAMS 0x000000008ed00000, 0x000000008ed00000| Untracked 
| 238|0x000000008ee00000, 0x000000008ee00000, 0x000000008ef00000|  0%| F|  |TAMS 0x000000008ee00000, 0x000000008ee00000| Untracked 
| 239|0x000000008ef00000, 0x000000008ef00000, 0x000000008f000000|  0%| F|  |TAMS 0x000000008ef00000, 0x000000008ef00000| Untracked 
| 240|0x000000008f000000, 0x000000008f000000, 0x000000008f100000|  0%| F|  |TAMS 0x000000008f000000, 0x000000008f000000| Untracked 
| 241|0x000000008f100000, 0x000000008f100000, 0x000000008f200000|  0%| F|  |TAMS 0x000000008f100000, 0x000000008f100000| Untracked 
| 242|0x000000008f200000, 0x000000008f200000, 0x000000008f300000|  0%| F|  |TAMS 0x000000008f200000, 0x000000008f200000| Untracked 
| 243|0x000000008f300000, 0x000000008f300000, 0x000000008f400000|  0%| F|  |TAMS 0x000000008f300000, 0x000000008f300000| Untracked 
| 244|0x000000008f400000, 0x000000008f400000, 0x000000008f500000|  0%| F|  |TAMS 0x000000008f400000, 0x000000008f400000| Untracked 
| 245|0x000000008f500000, 0x000000008f500000, 0x000000008f600000|  0%| F|  |TAMS 0x000000008f500000, 0x000000008f500000| Untracked 
| 246|0x000000008f600000, 0x000000008f600000, 0x000000008f700000|  0%| F|  |TAMS 0x000000008f600000, 0x000000008f600000| Untracked 
| 247|0x000000008f700000, 0x000000008f700000, 0x000000008f800000|  0%| F|  |TAMS 0x000000008f700000, 0x000000008f700000| Untracked 
| 248|0x000000008f800000, 0x000000008f800000, 0x000000008f900000|  0%| F|  |TAMS 0x000000008f800000, 0x000000008f800000| Untracked 
| 249|0x000000008f900000, 0x000000008f900000, 0x000000008fa00000|  0%| F|  |TAMS 0x000000008f900000, 0x000000008f900000| Untracked 
| 250|0x000000008fa00000, 0x000000008faf7ce0, 0x000000008fb00000| 96%| S|  |TAMS 0x000000008fa00000, 0x000000008fa00000| Complete 
| 251|0x000000008fb00000, 0x000000008fc00000, 0x000000008fc00000|100%| S|  |TAMS 0x000000008fb00000, 0x000000008fb00000| Complete 
| 252|0x000000008fc00000, 0x000000008fd00000, 0x000000008fd00000|100%| E|CS|TAMS 0x000000008fc00000, 0x000000008fc00000| Complete 
| 253|0x000000008fd00000, 0x000000008fe00000, 0x000000008fe00000|100%| E|CS|TAMS 0x000000008fd00000, 0x000000008fd00000| Complete 
| 254|0x000000008fe00000, 0x000000008ff00000, 0x000000008ff00000|100%| E|CS|TAMS 0x000000008fe00000, 0x000000008fe00000| Complete 
| 255|0x000000008ff00000, 0x0000000090000000, 0x0000000090000000|100%| E|CS|TAMS 0x000000008ff00000, 0x000000008ff00000| Complete 

Card table byte_map: [0x000001e5fed40000,0x000001e5ff140000] _byte_map_base: 0x000001e5fe940000

Marking Bits (Prev, Next): (CMBitMap*) 0x000001e5ebb51540, (CMBitMap*) 0x000001e5ebb51508
 Prev Bits: [0x000001e582000000, 0x000001e584000000)
 Next Bits: [0x000001e580000000, 0x000001e582000000)

Polling page: 0x000001e5e9a80000

Metaspace:

Usage:
  Non-class:    102.05 MB capacity,   100.40 MB ( 98%) used,     1.34 MB (  1%) free+waste,   321.63 KB ( <1%) overhead. 
      Class:     15.32 MB capacity,    14.34 MB ( 94%) used,   856.26 KB (  5%) free+waste,   142.19 KB ( <1%) overhead. 
       Both:    117.37 MB capacity,   114.75 MB ( 98%) used,     2.17 MB (  2%) free+waste,   463.81 KB ( <1%) overhead. 

Virtual space:
  Non-class space:      104.00 MB reserved,     103.00 MB (>99%) committed 
      Class space:        1.00 GB reserved,      15.75 MB (  2%) committed 
             Both:        1.10 GB reserved,     118.75 MB ( 11%) committed 

Chunk freelists:
   Non-Class:  906.00 KB
       Class:  346.00 KB
        Both:  1.22 MB

MaxMetaspaceSize: 17179869184.00 GB
CompressedClassSpaceSize: 1.00 GB

CodeHeap 'non-profiled nmethods': size=120000Kb used=12661Kb max_used=12661Kb free=107338Kb
 bounds [0x000001e5f70e0000, 0x000001e5f7d40000, 0x000001e5fe610000]
CodeHeap 'profiled nmethods': size=120000Kb used=35178Kb max_used=35178Kb free=84821Kb
 bounds [0x000001e5efbb0000, 0x000001e5f1e20000, 0x000001e5f70e0000]
CodeHeap 'non-nmethods': size=5760Kb used=2361Kb max_used=2443Kb free=3398Kb
 bounds [0x000001e5ef610000, 0x000001e5ef880000, 0x000001e5efbb0000]
 total_blobs=17038 nmethods=16054 adapters=893
 compilation: enabled
              stopped_count=0, restarted_count=0
 full_count=0

Compilation events (20 events):
Event: 4050.688 Thread 0x000001e58689d800 nmethod 17026 0x000001e5f1e10e90 code [0x000001e5f1e11040, 0x000001e5f1e11178]
Event: 4050.689 Thread 0x000001e58689d800 17027       2       com.android.aapt.Resources$Style$Entry::access$41502 (7 bytes)
Event: 4050.689 Thread 0x000001e58689d800 nmethod 17027 0x000001e5f1e11290 code [0x000001e5f1e11440, 0x000001e5f1e11578]
Event: 4050.689 Thread 0x000001e58689d800 17028       2       com.android.aapt.Resources$Style$Entry::access$41602 (7 bytes)
Event: 4050.689 Thread 0x000001e58689d800 nmethod 17028 0x000001e5f1e11690 code [0x000001e5f1e11840, 0x000001e5f1e11978]
Event: 4050.689 Thread 0x000001e58689d800 17029       2       com.android.aapt.Resources$Style$Entry::isInitialized (25 bytes)
Event: 4050.689 Thread 0x000001e58689d800 nmethod 17029 0x000001e5f1e11a90 code [0x000001e5f1e11c40, 0x000001e5f1e11d78]
Event: 4050.689 Thread 0x000001e58689d800 17013       2       com.android.aapt.Resources$Style$Entry$Builder::<init> (5 bytes)
Event: 4050.689 Thread 0x000001e58689d800 nmethod 17013 0x000001e5f1e11e10 code [0x000001e5f1e11fc0, 0x000001e5f1e121f8]
Event: 4050.689 Thread 0x000001e58689d800 17009       2       com.android.aapt.Resources$Value$Builder::setCompoundValue (47 bytes)
Event: 4050.689 Thread 0x000001e58689d800 nmethod 17009 0x000001e5f1e12290 code [0x000001e5f1e12460, 0x000001e5f1e12708]
Event: 4050.689 Thread 0x000001e58689d800 17014       2       com.android.aapt.Resources$Style$Entry$Builder::<init> (15 bytes)
Event: 4050.690 Thread 0x000001e58689d800 nmethod 17014 0x000001e5f1e12810 code [0x000001e5f1e129c0, 0x000001e5f1e12bf8]
Event: 4050.690 Thread 0x000001e58689d800 17015       2       com.android.aapt.Resources$Style$Entry$Builder::maybeForceBuilderInitialization (7 bytes)
Event: 4050.690 Thread 0x000001e58689d800 nmethod 17015 0x000001e5f1e12c90 code [0x000001e5f1e12e40, 0x000001e5f1e12f58]
Event: 4050.692 Thread 0x000001e58689d800 17032       2       com.android.aaptcompiler.proto.ProtoSerializeKt::serializeStyleToPb (209 bytes)
Event: 4050.695 Thread 0x000001e58689d800 nmethod 17032 0x000001e5f1e13010 code [0x000001e5f1e13440, 0x000001e5f1e144c8]
Event: 4050.695 Thread 0x000001e58689d800 17033       2       com.android.aapt.Resources$RawString::newBuilder (7 bytes)
Event: 4050.695 Thread 0x000001e58689d800 nmethod 17033 0x000001e5f1e14f90 code [0x000001e5f1e15140, 0x000001e5f1e15378]
Event: 4050.695 Thread 0x000001e58689d800 17038       2       com.android.aapt.Resources$Style$Builder::buildPartial (151 bytes)

GC Heap History (20 events):
Event: 419.405 GC heap after
{Heap after GC invocations=16 (full 0):
 garbage-first heap   total 262144K, used 96252K [0x0000000080000000, 0x0000000100000000)
  region size 1024K, 6 young (6144K), 6 survivors (6144K)
 Metaspace       used 88277K, capacity 91026K, committed 91136K, reserved 1128448K
  class space    used 11535K, capacity 12479K, committed 12544K, reserved 1048576K
}
Event: 429.923 GC heap before
{Heap before GC invocations=16 (full 0):
 garbage-first heap   total 262144K, used 222204K [0x0000000080000000, 0x0000000100000000)
  region size 1024K, 116 young (118784K), 6 survivors (6144K)
 Metaspace       used 94820K, capacity 97738K, committed 98048K, reserved 1134592K
  class space    used 12259K, capacity 13240K, committed 13312K, reserved 1048576K
}
Event: 429.937 GC heap after
{Heap after GC invocations=17 (full 0):
 garbage-first heap   total 262144K, used 119097K [0x0000000080000000, 0x0000000100000000)
  region size 1024K, 15 young (15360K), 15 survivors (15360K)
 Metaspace       used 94820K, capacity 97738K, committed 98048K, reserved 1134592K
  class space    used 12259K, capacity 13240K, committed 13312K, reserved 1048576K
}
Event: 435.586 GC heap before
{Heap before GC invocations=17 (full 0):
 garbage-first heap   total 262144K, used 211257K [0x0000000080000000, 0x0000000100000000)
  region size 1024K, 106 young (108544K), 15 survivors (15360K)
 Metaspace       used 102584K, capacity 105584K, committed 105728K, reserved 1140736K
  class space    used 13205K, capacity 14281K, committed 14336K, reserved 1048576K
}
Event: 435.600 GC heap after
{Heap after GC invocations=18 (full 0):
 garbage-first heap   total 262144K, used 124918K [0x0000000080000000, 0x0000000100000000)
  region size 1024K, 7 young (7168K), 7 survivors (7168K)
 Metaspace       used 102584K, capacity 105584K, committed 105728K, reserved 1140736K
  class space    used 13205K, capacity 14281K, committed 14336K, reserved 1048576K
}
Event: 446.302 GC heap before
{Heap before GC invocations=18 (full 0):
 garbage-first heap   total 262144K, used 214006K [0x0000000080000000, 0x0000000100000000)
  region size 1024K, 94 young (96256K), 7 survivors (7168K)
 Metaspace       used 109255K, capacity 112598K, committed 112896K, reserved 1146880K
  class space    used 14106K, capacity 15306K, committed 15360K, reserved 1048576K
}
Event: 446.322 GC heap after
{Heap after GC invocations=19 (full 0):
 garbage-first heap   total 262144K, used 129547K [0x0000000080000000, 0x0000000100000000)
  region size 1024K, 12 young (12288K), 12 survivors (12288K)
 Metaspace       used 109255K, capacity 112598K, committed 112896K, reserved 1146880K
  class space    used 14106K, capacity 15306K, committed 15360K, reserved 1048576K
}
Event: 4045.003 GC heap before
{Heap before GC invocations=20 (full 0):
 garbage-first heap   total 262144K, used 213515K [0x0000000080000000, 0x0000000100000000)
  region size 1024K, 95 young (97280K), 12 survivors (12288K)
 Metaspace       used 109333K, capacity 112481K, committed 113152K, reserved 1146880K
  class space    used 14033K, capacity 15146K, committed 15360K, reserved 1048576K
}
Event: 4045.037 GC heap after
{Heap after GC invocations=21 (full 0):
 garbage-first heap   total 262144K, used 131517K [0x0000000080000000, 0x0000000100000000)
  region size 1024K, 8 young (8192K), 8 survivors (8192K)
 Metaspace       used 109333K, capacity 112481K, committed 113152K, reserved 1146880K
  class space    used 14033K, capacity 15146K, committed 15360K, reserved 1048576K
}
Event: 4045.897 GC heap before
{Heap before GC invocations=21 (full 0):
 garbage-first heap   total 262144K, used 161213K [0x0000000080000000, 0x0000000100000000)
  region size 1024K, 39 young (39936K), 8 survivors (8192K)
 Metaspace       used 110303K, capacity 113500K, committed 114048K, reserved 1148928K
  class space    used 14094K, capacity 15261K, committed 15488K, reserved 1048576K
}
Event: 4045.915 GC heap after
{Heap after GC invocations=22 (full 0):
 garbage-first heap   total 262144K, used 135026K [0x0000000080000000, 0x0000000100000000)
  region size 1024K, 6 young (6144K), 6 survivors (6144K)
 Metaspace       used 110303K, capacity 113500K, committed 114048K, reserved 1148928K
  class space    used 14094K, capacity 15261K, committed 15488K, reserved 1048576K
}
Event: 4048.985 GC heap before
{Heap before GC invocations=23 (full 0):
 garbage-first heap   total 262144K, used 228210K [0x0000000080000000, 0x0000000100000000)
  region size 1024K, 88 young (90112K), 6 survivors (6144K)
 Metaspace       used 113165K, capacity 116004K, committed 117120K, reserved 1150976K
  class space    used 14368K, capacity 15425K, committed 15744K, reserved 1048576K
}
Event: 4049.012 GC heap after
{Heap after GC invocations=24 (full 0):
 garbage-first heap   total 262144K, used 153069K [0x0000000080000000, 0x0000000100000000)
  region size 1024K, 11 young (11264K), 11 survivors (11264K)
 Metaspace       used 113165K, capacity 116004K, committed 117120K, reserved 1150976K
  class space    used 14368K, capacity 15425K, committed 15744K, reserved 1048576K
}
Event: 4049.019 GC heap before
{Heap before GC invocations=24 (full 0):
 garbage-first heap   total 262144K, used 154093K [0x0000000080000000, 0x0000000100000000)
  region size 1024K, 12 young (12288K), 11 survivors (11264K)
 Metaspace       used 113165K, capacity 116004K, committed 117120K, reserved 1150976K
  class space    used 14368K, capacity 15425K, committed 15744K, reserved 1048576K
}
Event: 4049.041 GC heap after
{Heap after GC invocations=25 (full 0):
 garbage-first heap   total 262144K, used 139995K [0x0000000080000000, 0x0000000100000000)
  region size 1024K, 1 young (1024K), 1 survivors (1024K)
 Metaspace       used 113165K, capacity 116004K, committed 117120K, reserved 1150976K
  class space    used 14368K, capacity 15425K, committed 15744K, reserved 1048576K
}
Event: 4049.356 GC heap before
{Heap before GC invocations=25 (full 0):
 garbage-first heap   total 262144K, used 156379K [0x0000000080000000, 0x0000000100000000)
  region size 1024K, 19 young (19456K), 1 survivors (1024K)
 Metaspace       used 113245K, capacity 116100K, committed 117504K, reserved 1150976K
  class space    used 14374K, capacity 15457K, committed 15872K, reserved 1048576K
}
Event: 4049.364 GC heap after
{Heap after GC invocations=26 (full 0):
 garbage-first heap   total 262144K, used 145430K [0x0000000080000000, 0x0000000100000000)
  region size 1024K, 6 young (6144K), 6 survivors (6144K)
 Metaspace       used 113245K, capacity 116100K, committed 117504K, reserved 1150976K
  class space    used 14374K, capacity 15457K, committed 15872K, reserved 1048576K
}
Event: 4050.670 GC heap before
{Heap before GC invocations=27 (full 0):
 garbage-first heap   total 262144K, used 229398K [0x0000000080000000, 0x0000000100000000)
  region size 1024K, 73 young (74752K), 6 survivors (6144K)
 Metaspace       used 117452K, capacity 120124K, committed 121600K, reserved 1155072K
  class space    used 14684K, capacity 15686K, committed 16128K, reserved 1048576K
}
Event: 4050.680 GC heap after
{Heap after GC invocations=28 (full 0):
 garbage-first heap   total 262144K, used 148568K [0x0000000080000000, 0x0000000100000000)
  region size 1024K, 8 young (8192K), 8 survivors (8192K)
 Metaspace       used 117452K, capacity 120124K, committed 121600K, reserved 1155072K
  class space    used 14684K, capacity 15686K, committed 16128K, reserved 1048576K
}
Event: 4050.695 GC heap before
{Heap before GC invocations=28 (full 0):
 garbage-first heap   total 262144K, used 152664K [0x0000000080000000, 0x0000000100000000)
  region size 1024K, 12 young (12288K), 8 survivors (8192K)
 Metaspace       used 117499K, capacity 120188K, committed 121600K, reserved 1155072K
  class space    used 14687K, capacity 15686K, committed 16128K, reserved 1048576K
}

Deoptimization events (20 events):
Event: 4050.351 Thread 0x000001e592855000 DEOPT PACKING pc=0x000001e5f1d4fab0 sp=0x00000054542fd9e0
Event: 4050.351 Thread 0x000001e592855000 DEOPT UNPACKING pc=0x000001e5ef636dde sp=0x00000054542fcf00 mode 0
Event: 4050.354 Thread 0x000001e592855000 DEOPT PACKING pc=0x000001e5f1d95171 sp=0x00000054542fd0e0
Event: 4050.354 Thread 0x000001e592855000 DEOPT UNPACKING pc=0x000001e5ef636dde sp=0x00000054542fc598 mode 0
Event: 4050.355 Thread 0x000001e592855000 DEOPT PACKING pc=0x000001e5f1d4fab0 sp=0x00000054542fda30
Event: 4050.355 Thread 0x000001e592855000 DEOPT UNPACKING pc=0x000001e5ef636dde sp=0x00000054542fcf50 mode 0
Event: 4050.357 Thread 0x000001e592855000 DEOPT PACKING pc=0x000001e5f1d4fab0 sp=0x00000054542fcf50
Event: 4050.357 Thread 0x000001e592855000 DEOPT UNPACKING pc=0x000001e5ef636dde sp=0x00000054542fc470 mode 0
Event: 4050.370 Thread 0x000001e592855000 DEOPT PACKING pc=0x000001e5f1d95171 sp=0x00000054542fd0e0
Event: 4050.370 Thread 0x000001e592855000 DEOPT UNPACKING pc=0x000001e5ef636dde sp=0x00000054542fc598 mode 0
Event: 4050.382 Thread 0x000001e592855000 DEOPT PACKING pc=0x000001e5f1d95171 sp=0x00000054542fd0e0
Event: 4050.382 Thread 0x000001e592855000 DEOPT UNPACKING pc=0x000001e5ef636dde sp=0x00000054542fc598 mode 0
Event: 4050.394 Thread 0x000001e592855000 DEOPT PACKING pc=0x000001e5f1d95171 sp=0x00000054542fd7b0
Event: 4050.394 Thread 0x000001e592855000 DEOPT UNPACKING pc=0x000001e5ef636dde sp=0x00000054542fcc68 mode 0
Event: 4050.407 Thread 0x000001e592855000 DEOPT PACKING pc=0x000001e5f1d95171 sp=0x00000054542fd7b0
Event: 4050.408 Thread 0x000001e592855000 DEOPT UNPACKING pc=0x000001e5ef636dde sp=0x00000054542fcc68 mode 0
Event: 4050.420 Thread 0x000001e592855000 DEOPT PACKING pc=0x000001e5f1d95171 sp=0x00000054542fd7b0
Event: 4050.420 Thread 0x000001e592855000 DEOPT UNPACKING pc=0x000001e5ef636dde sp=0x00000054542fcc68 mode 0
Event: 4050.444 Thread 0x000001e592855000 DEOPT PACKING pc=0x000001e5f1d95171 sp=0x00000054542fd7b0
Event: 4050.444 Thread 0x000001e592855000 DEOPT UNPACKING pc=0x000001e5ef636dde sp=0x00000054542fcc68 mode 0

Classes redefined (0 events):
No events

Internal exceptions (20 events):
Event: 4045.287 Thread 0x000001e586b3d000 Exception <a 'sun/nio/fs/WindowsException'{0x000000008f6fac90}> (0x000000008f6fac90) thrown at [./src/hotspot/share/prims/jni.cpp, line 615]
Event: 4045.307 Thread 0x000001e586b3d000 Exception <a 'sun/nio/fs/WindowsException'{0x000000008f59dba8}> (0x000000008f59dba8) thrown at [./src/hotspot/share/prims/jni.cpp, line 615]
Event: 4045.307 Thread 0x000001e586b3d000 Exception <a 'sun/nio/fs/WindowsException'{0x000000008f59ec78}> (0x000000008f59ec78) thrown at [./src/hotspot/share/prims/jni.cpp, line 615]
Event: 4045.307 Thread 0x000001e586b3d000 Exception <a 'sun/nio/fs/WindowsException'{0x000000008f59fd98}> (0x000000008f59fd98) thrown at [./src/hotspot/share/prims/jni.cpp, line 615]
Event: 4045.307 Thread 0x000001e586b3d000 Exception <a 'sun/nio/fs/WindowsException'{0x000000008f5a0eb8}> (0x000000008f5a0eb8) thrown at [./src/hotspot/share/prims/jni.cpp, line 615]
Event: 4045.316 Thread 0x000001e586b3d000 Implicit null exception at 0x000001e5f1897efc to 0x000001e5f189accb
Event: 4045.316 Thread 0x000001e586b3d000 Exception <a 'java/lang/NullPointerException'{0x000000008f438878}> (0x000000008f438878) thrown at [./src/hotspot/share/runtime/sharedRuntime.cpp, line 607]
Event: 4046.221 Thread 0x000001e586b3d000 Implicit null exception at 0x000001e5f74dc0e0 to 0x000001e5f74de990
Event: 4047.887 Thread 0x000001e586b3d000 Exception <a 'java/lang/NoSuchMethodError'{0x000000008bb8a748}: 'java.lang.Object java.lang.invoke.DelegatingMethodHandle$Holder.reinvoke_L(java.lang.Object, int, int, java.lang.Object, java.lang.Object, java.lang.Object)'> (0x000000008bb8a748) thrown at [./src/hotspot/share/interpreter/linkResolver.cpp, line 773]
Event: 4048.842 Thread 0x000001e586b3d000 Implicit null exception at 0x000001e5f7497052 to 0x000001e5f749a550
Event: 4048.845 Thread 0x000001e586b3d000 Implicit null exception at 0x000001e5f72cba4e to 0x000001e5f72cbff4
Event: 4048.845 Thread 0x000001e586b3d000 Implicit null exception at 0x000001e5f729a5c6 to 0x000001e5f729a93c
Event: 4048.845 Thread 0x000001e586b3d000 Implicit null exception at 0x000001e5f7993463 to 0x000001e5f7997974
Event: 4049.597 Thread 0x000001e586b3d000 Implicit null exception at 0x000001e5f7bafa57 to 0x000001e5f7bb2074
Event: 4049.641 Thread 0x000001e586b3d000 Exception <a 'java/lang/NoSuchMethodError'{0x000000008fb93f18}: <clinit>> (0x000000008fb93f18) thrown at [./src/hotspot/share/prims/jni.cpp, line 1362]
Event: 4049.656 Thread 0x000001e586b3d000 Implicit null exception at 0x000001e5f73f7bf0 to 0x000001e5f73f8230
Event: 4049.656 Thread 0x000001e586b3d000 Exception <a 'java/lang/NoSuchMethodError'{0x000000008fa43268}: <clinit>> (0x000000008fa43268) thrown at [./src/hotspot/share/prims/jni.cpp, line 1362]
Event: 4049.915 Thread 0x000001e592855000 Implicit null exception at 0x000001e5f7468e6b to 0x000001e5f7469ac0
Event: 4049.917 Thread 0x000001e592855000 Implicit null exception at 0x000001e5f7468e6b to 0x000001e5f7469ac0
Event: 4049.988 Thread 0x000001e58ca5c000 Implicit null exception at 0x000001e5f75b86c9 to 0x000001e5f75b8c48

Events (20 events):
Event: 4050.654 loading class com/android/aapt/Resources$Style$Builder done
Event: 4050.656 loading class com/android/aapt/Resources$Style$Entry
Event: 4050.656 loading class com/android/aapt/Resources$Style$Entry done
Event: 4050.657 loading class com/android/aapt/Resources$Style$EntryOrBuilder
Event: 4050.657 loading class com/android/aapt/Resources$Style$EntryOrBuilder done
Event: 4050.660 loading class com/android/aapt/Resources$Style$Entry$1
Event: 4050.660 loading class com/android/aapt/Resources$Style$Entry$1 done
Event: 4050.661 loading class com/android/aapt/Resources$Style$Entry$Builder
Event: 4050.661 loading class com/android/aapt/Resources$Style$Entry$Builder done
Event: 4050.662 loading class com/android/aapt/Resources$RawString$1
Event: 4050.662 loading class com/android/aapt/Resources$RawString$1 done
Event: 4050.663 loading class com/android/aapt/Resources$RawString$Builder
Event: 4050.663 loading class com/android/aapt/Resources$RawString$Builder done
Event: 4050.669 Executing VM operation: G1CollectForAllocation
Event: 4050.680 Executing VM operation: G1CollectForAllocation done
Event: 4050.690 loading class com/android/aapt/Resources$Primitive$EmptyType$1
Event: 4050.690 loading class com/android/aapt/Resources$Primitive$EmptyType$1 done
Event: 4050.690 loading class com/android/aapt/Resources$Primitive$EmptyType$Builder
Event: 4050.690 loading class com/android/aapt/Resources$Primitive$EmptyType$Builder done
Event: 4050.695 Executing VM operation: G1CollectForAllocation


Dynamic libraries:
0x00007ff7a5ad0000 - 0x00007ff7a5ada000 	C:\Program Files\Android\Android Studio\jre\bin\java.exe
0x00007ff9f93d0000 - 0x00007ff9f95c5000 	C:\WINDOWS\SYSTEM32\ntdll.dll
0x00007ff9f7f10000 - 0x00007ff9f7fce000 	C:\WINDOWS\System32\KERNEL32.DLL
0x00007ff9f6fe0000 - 0x00007ff9f72a8000 	C:\WINDOWS\System32\KERNELBASE.dll
0x00007ff9f6eb0000 - 0x00007ff9f6fb0000 	C:\WINDOWS\System32\ucrtbase.dll
0x00007ff9d4860000 - 0x00007ff9d4877000 	C:\Program Files\Android\Android Studio\jre\bin\VCRUNTIME140.dll
0x00007ff9d4840000 - 0x00007ff9d4859000 	C:\Program Files\Android\Android Studio\jre\bin\jli.dll
0x00007ff9f82b0000 - 0x00007ff9f8451000 	C:\WINDOWS\System32\USER32.dll
0x00007ff9e17b0000 - 0x00007ff9e1a4a000 	C:\WINDOWS\WinSxS\amd64_microsoft.windows.common-controls_6595b64144ccf1df_6.0.19041.1110_none_60b5254171f9507e\COMCTL32.dll
0x00007ff9f6fb0000 - 0x00007ff9f6fd2000 	C:\WINDOWS\System32\win32u.dll
0x00007ff9f88e0000 - 0x00007ff9f897e000 	C:\WINDOWS\System32\msvcrt.dll
0x00007ff9f8eb0000 - 0x00007ff9f8edb000 	C:\WINDOWS\System32\GDI32.dll
0x00007ff9f6b70000 - 0x00007ff9f6c7d000 	C:\WINDOWS\System32\gdi32full.dll
0x00007ff9f6de0000 - 0x00007ff9f6e7d000 	C:\WINDOWS\System32\msvcp_win.dll
0x00007ff9f81b0000 - 0x00007ff9f81e0000 	C:\WINDOWS\System32\IMM32.DLL
0x00007ff9bec70000 - 0x00007ff9bed0d000 	C:\Program Files\Android\Android Studio\jre\bin\msvcp140.dll
0x00007ff98cf40000 - 0x00007ff98da15000 	C:\Program Files\Android\Android Studio\jre\bin\server\jvm.dll
0x00007ff9f7fd0000 - 0x00007ff9f807e000 	C:\WINDOWS\System32\ADVAPI32.dll
0x00007ff9f9070000 - 0x00007ff9f910c000 	C:\WINDOWS\System32\sechost.dll
0x00007ff9f8080000 - 0x00007ff9f81a5000 	C:\WINDOWS\System32\RPCRT4.dll
0x00007ff9f9110000 - 0x00007ff9f9118000 	C:\WINDOWS\System32\PSAPI.DLL
0x00007ff9ee4a0000 - 0x00007ff9ee4c7000 	C:\WINDOWS\SYSTEM32\WINMM.dll
0x00007ff9dfee0000 - 0x00007ff9dfee9000 	C:\WINDOWS\SYSTEM32\WSOCK32.dll
0x00007ff9ef650000 - 0x00007ff9ef65a000 	C:\WINDOWS\SYSTEM32\VERSION.dll
0x00007ff9f8240000 - 0x00007ff9f82ab000 	C:\WINDOWS\System32\WS2_32.dll
0x00007ff9f49b0000 - 0x00007ff9f49c2000 	C:\WINDOWS\SYSTEM32\kernel.appcore.dll
0x00007ff9f41e0000 - 0x00007ff9f41f1000 	C:\Program Files\Android\Android Studio\jre\bin\verify.dll
0x00007ff9e1060000 - 0x00007ff9e1244000 	C:\WINDOWS\SYSTEM32\DBGHELP.DLL
0x00007ff9e0530000 - 0x00007ff9e055c000 	C:\WINDOWS\SYSTEM32\dbgcore.DLL
0x00007ff9f6ae0000 - 0x00007ff9f6b62000 	C:\WINDOWS\System32\bcryptPrimitives.dll
0x00007ff9f2700000 - 0x00007ff9f2729000 	C:\Program Files\Android\Android Studio\jre\bin\java.dll
0x00007ff9f4160000 - 0x00007ff9f416b000 	C:\Program Files\Android\Android Studio\jre\bin\jimage.dll
0x00007ff9f2660000 - 0x00007ff9f2678000 	C:\Program Files\Android\Android Studio\jre\bin\zip.dll
0x00007ff9f77c0000 - 0x00007ff9f7f04000 	C:\WINDOWS\System32\SHELL32.dll
0x00007ff9f4bb0000 - 0x00007ff9f5345000 	C:\WINDOWS\SYSTEM32\windows.storage.dll
0x00007ff9f8460000 - 0x00007ff9f87b5000 	C:\WINDOWS\System32\combase.dll
0x00007ff9f64b0000 - 0x00007ff9f64de000 	C:\WINDOWS\SYSTEM32\Wldp.dll
0x00007ff9f8ef0000 - 0x00007ff9f8f9d000 	C:\WINDOWS\System32\SHCORE.dll
0x00007ff9f9120000 - 0x00007ff9f9175000 	C:\WINDOWS\System32\shlwapi.dll
0x00007ff9f6a20000 - 0x00007ff9f6a3f000 	C:\WINDOWS\SYSTEM32\profapi.dll
0x00007ff9f2640000 - 0x00007ff9f265a000 	C:\Program Files\Android\Android Studio\jre\bin\net.dll
0x00007ff9ed740000 - 0x00007ff9ed84c000 	C:\WINDOWS\SYSTEM32\WINHTTP.dll
0x00007ff9f6230000 - 0x00007ff9f629a000 	C:\WINDOWS\system32\mswsock.dll
0x00007ff9e6dd0000 - 0x00007ff9e6de4000 	C:\Program Files\Android\Android Studio\jre\bin\nio.dll
0x00007ff9c9c80000 - 0x00007ff9c9ca7000 	C:\Users\danga\.gradle\native\8bec1ad78214c89d9ad589b4d07fe93259594b29d510b10fafb7a158f7737e5d\windows-amd64\native-platform.dll
0x00007ff9a79b0000 - 0x00007ff9a7aed000 	C:\Users\danga\.gradle\native\53dbd7edfb1c66fb8903c78663c9afc45aea4f116125fa6feffd364cf09443e8\windows-amd64\native-platform-file-events.dll
0x00007ff9f26f0000 - 0x00007ff9f26fa000 	C:\Program Files\Android\Android Studio\jre\bin\management.dll
0x00007ff9f26d0000 - 0x00007ff9f26dd000 	C:\Program Files\Android\Android Studio\jre\bin\management_ext.dll
0x00007ff9f6410000 - 0x00007ff9f6428000 	C:\WINDOWS\SYSTEM32\CRYPTSP.dll
0x00007ff9f5b60000 - 0x00007ff9f5b94000 	C:\WINDOWS\system32\rsaenh.dll
0x00007ff9f6e80000 - 0x00007ff9f6ea7000 	C:\WINDOWS\System32\bcrypt.dll
0x00007ff9f69e0000 - 0x00007ff9f6a0e000 	C:\WINDOWS\SYSTEM32\USERENV.dll
0x00007ff9f63c0000 - 0x00007ff9f63cc000 	C:\WINDOWS\SYSTEM32\CRYPTBASE.dll
0x00007ff9f5ef0000 - 0x00007ff9f5f2b000 	C:\WINDOWS\SYSTEM32\IPHLPAPI.DLL
0x00007ff9f7750000 - 0x00007ff9f7758000 	C:\WINDOWS\System32\NSI.dll
0x00007ff9ef680000 - 0x00007ff9ef697000 	C:\WINDOWS\SYSTEM32\dhcpcsvc6.DLL
0x00007ff9ef660000 - 0x00007ff9ef67d000 	C:\WINDOWS\SYSTEM32\dhcpcsvc.DLL
0x00007ff9f5f40000 - 0x00007ff9f600b000 	C:\WINDOWS\SYSTEM32\DNSAPI.dll
0x00007ff9e65d0000 - 0x00007ff9e65f7000 	C:\Program Files\Android\Android Studio\jre\bin\sunec.dll
0x000000005d300000 - 0x000000005d326000 	C:\Program Files\Bonjour\mdnsNSP.dll
0x00007ff9ee490000 - 0x00007ff9ee49a000 	C:\Windows\System32\rasadhlp.dll
0x00007ff9e6960000 - 0x00007ff9e69df000 	C:\WINDOWS\System32\fwpuclnt.dll

dbghelp: loaded successfully - version: 4.0.5 - missing functions: none
symbol engine: initialized successfully - sym options: 0x614 - pdb path: .;C:\Program Files\Android\Android Studio\jre\bin;C:\WINDOWS\SYSTEM32;C:\WINDOWS\WinSxS\amd64_microsoft.windows.common-controls_6595b64144ccf1df_6.0.19041.1110_none_60b5254171f9507e;C:\Program Files\Android\Android Studio\jre\bin\server;C:\Users\danga\.gradle\native\8bec1ad78214c89d9ad589b4d07fe93259594b29d510b10fafb7a158f7737e5d\windows-amd64;C:\Users\danga\.gradle\native\53dbd7edfb1c66fb8903c78663c9afc45aea4f116125fa6feffd364cf09443e8\windows-amd64;C:\Program Files\Bonjour

VM Arguments:
jvm_args: --add-opens=java.base/java.util=ALL-UNNAMED --add-opens=java.base/java.lang=ALL-UNNAMED --add-opens=java.base/java.lang.invoke=ALL-UNNAMED --add-opens=java.base/java.util=ALL-UNNAMED --add-opens=java.prefs/java.util.prefs=ALL-UNNAMED --add-opens=java.prefs/java.util.prefs=ALL-UNNAMED --add-opens=java.base/java.nio.charset=ALL-UNNAMED --add-opens=java.base/java.net=ALL-UNNAMED --add-opens=java.base/java.util.concurrent.atomic=ALL-UNNAMED -Xmx2048m -Dfile.encoding=UTF-8 -Duser.country=US -Duser.language=en -Duser.variant 
java_command: org.gradle.launcher.daemon.bootstrap.GradleDaemon 7.0.2
java_class_path (initial): C:\Users\danga\.gradle\wrapper\dists\gradle-7.0.2-bin\857tjihv64xamwrf0h14cai3r\gradle-7.0.2\lib\gradle-launcher-7.0.2.jar
Launcher Type: SUN_STANDARD

[Global flags]
     intx CICompilerCount                          = 4                                         {product} {ergonomic}
     uint ConcGCThreads                            = 2                                         {product} {ergonomic}
     uint G1ConcRefinementThreads                  = 8                                         {product} {ergonomic}
   size_t G1HeapRegionSize                         = 1048576                                   {product} {ergonomic}
    uintx GCDrainStackTargetSize                   = 64                                        {product} {ergonomic}
   size_t InitialHeapSize                          = 268435456                                 {product} {ergonomic}
   size_t MarkStackSize                            = 4194304                                   {product} {ergonomic}
   size_t MaxHeapSize                              = 2147483648                                {product} {command line}
   size_t MaxNewSize                               = 1287651328                                {product} {ergonomic}
   size_t MinHeapDeltaBytes                        = 1048576                                   {product} {ergonomic}
    uintx NonNMethodCodeHeapSize                   = 5836300                                {pd product} {ergonomic}
    uintx NonProfiledCodeHeapSize                  = 122910970                              {pd product} {ergonomic}
    uintx ProfiledCodeHeapSize                     = 122910970                              {pd product} {ergonomic}
    uintx ReservedCodeCacheSize                    = 251658240                              {pd product} {ergonomic}
     bool SegmentedCodeCache                       = true                                      {product} {ergonomic}
     bool UseCompressedClassPointers               = true                                 {lp64_product} {ergonomic}
     bool UseCompressedOops                        = true                                 {lp64_product} {ergonomic}
     bool UseG1GC                                  = true                                      {product} {ergonomic}
     bool UseLargePagesIndividualAllocation        = false                                  {pd product} {ergonomic}

Logging:
Log output configuration:
 #0: stdout all=warning uptime,level,tags
 #1: stderr all=off uptime,level,tags

Environment Variables:
PATH=C:\Program Files\Microsoft\jdk-11.0.12.7-hotspot\bin;C:\ProgramData\Oracle\Java\javapath;C:\Program Files\Common Files\Oracle\Java\javapath;C:\WINDOWS\system32;C:\WINDOWS;C:\WINDOWS\System32\Wbem;C:\WINDOWS\System32\WindowsPowerShell\v1.0\;C:\WINDOWS\System32\OpenSSH\;C:\Program Files\dotnet\;C:\Program Files\Microsoft SQL Server\130\Tools\Binn\;C:\Program Files\Microsoft SQL Server\Client SDK\ODBC\170\Tools\Binn\;C:\Program Files\nodejs\;C:\Program Files\Git\cmd;C:\Program Files\Microsoft SQL Server\150\Tools\Binn\;C:\Program Files\PuTTY\;C:\Program Files\MySQL\MySQL Server 8.0\bin;C:\Users\danga\AppData\Local\Microsoft\WindowsApps;C:\Users\danga\.p2\pool\plugins\org.eclipse.justj.openjdk.hotspot.jre.full.win32.x86_64_14.0.2.v20200815-0932\jre\bin;C:\Users\danga\.dotnet\tools;C:\Users\danga\AppData\Roaming\npm;C:\Users\danga\AppData\Local\Programs\Microsoft VS Code\bin;C:\msys64\mingw64\bin;C:\msys64\usr\bin;C:\Users\danga\AppData\Local\Programs\Hyper\resources\bin;
USERNAME=danga
OS=Windows_NT
PROCESSOR_IDENTIFIER=Intel64 Family 6 Model 60 Stepping 3, GenuineIntel



---------------  S Y S T E M  ---------------

OS: Windows 10 , 64 bit Build 19041 (10.0.19041.1466)
OS uptime: 0 days 5:55 hours
Hyper-V role detected

CPU:total 8 (initial active 8) (4 cores per cpu, 2 threads per core) family 6 model 60 stepping 3 microcode 0x27, cmov, cx8, fxsr, mmx, sse, sse2, sse3, ssse3, sse4.1, sse4.2, popcnt, avx, avx2, aes, clmul, erms, lzcnt, ht, tsc, tscinvbit, bmi1, bmi2, fma

Memory: 4k page, system-wide physical 16327M (3888M free)
TotalPageFile size 19801M (AvailPageFile size 2348M)
current process WorkingSet (physical memory assigned to process): 521M, peak: 555M
current process commit charge ("private bytes"): 639M, peak: 643M

vm_info: OpenJDK 64-Bit Server VM (11.0.11+9-b60-7590822) for windows-amd64 JRE (11.0.11+9-b60-7590822), built on Jul 29 2021 21:43:44 by "builder" with MS VC++ 14.0 (VS2015)

END.
